[2015.12.07-21.00.07:448][  0]Log file open, 12/07/15 22:00:07
[2015.12.07-21.00.07:448][  0]LogInit:Display: Running engine for game: MyProject2
[2015.12.07-21.00.07:448][  0]LogPlatformFile: Not using cached read wrapper
[2015.12.07-21.00.07:448][  0]LogInit:Display: RandInit(673180106) SRandInit(673180110).
[2015.12.07-21.00.07:448][  0]LogTaskGraph: Started task graph with 4 named threads and 7 total threads.
[2015.12.07-21.00.07:448][  0]LogStats: Stats thread started at 0.236293
[2015.12.07-21.00.07:448][  0]LogInit: Version: 4.10.0-2758231+++depot+UE4-Releases+4.10
[2015.12.07-21.00.07:448][  0]LogInit: API Version: 2758231
[2015.12.07-21.00.07:448][  0]LogInit: Compiled (64-bit): Nov  7 2015 05:13:45
[2015.12.07-21.00.07:448][  0]LogInit: Compiled with Visual C++: 19.00.23026.00
[2015.12.07-21.00.07:448][  0]LogInit: Build Configuration: Development
[2015.12.07-21.00.07:448][  0]LogInit: Branch Name: ++depot+UE4-Releases+4.10
[2015.12.07-21.00.07:448][  0]LogInit: Command line: 
[2015.12.07-21.00.07:448][  0]LogInit: Base directory: C:/Program Files (x86)/Epic Games/4.10/Engine/Binaries/Win64/
[2015.12.07-21.00.07:448][  0]LogInit: Rocket: 1
[2015.12.07-21.00.07:478][  0]LogInit: Using libcurl 7.41.0
[2015.12.07-21.00.07:478][  0]LogInit:  - built for x86_64-pc-win32
[2015.12.07-21.00.07:478][  0]LogInit:  - supports SSL with WinSSL
[2015.12.07-21.00.07:478][  0]LogInit:  - other features:
[2015.12.07-21.00.07:478][  0]LogInit:      CURL_VERSION_SSL
[2015.12.07-21.00.07:478][  0]LogInit:      CURL_VERSION_IPV6
[2015.12.07-21.00.07:478][  0]LogInit:      CURL_VERSION_ASYNCHDNS
[2015.12.07-21.00.07:478][  0]LogInit:      CURL_VERSION_LARGEFILE
[2015.12.07-21.00.07:478][  0]LogInit:      CURL_VERSION_IDN
[2015.12.07-21.00.07:478][  0]LogInit:  CurlRequestOptions (configurable via config and command line):
[2015.12.07-21.00.07:478][  0]LogInit:  - bVerifyPeer = true  - Libcurl will verify peer certificate
[2015.12.07-21.00.07:478][  0]LogInit:  - bUseHttpProxy = false  - Libcurl will NOT use HTTP proxy
[2015.12.07-21.00.07:478][  0]LogInit:  - bDontReuseConnections = false  - Libcurl will reuse connections
[2015.12.07-21.00.07:478][  0]LogInit:  - CertBundlePath = nullptr  - Libcurl will use whatever was configured at build time.
[2015.12.07-21.00.07:511][  0]LogInit: Presizing for 0 objects not considered by GC, pre-allocating 0 bytes.
[2015.12.07-21.00.07:533][  0]LogInit: Object subsystem initialized
[2015.12.07-21.00.07:541][  0]LogInit: Selected Device Profile: [Windows]
[2015.12.07-21.00.07:541][  0]LogInit: Applying CVar settings loaded from the selected device profile: [Windows]
[2015.12.07-21.00.07:568][  0]LogInit: Computer: BUD
[2015.12.07-21.00.07:568][  0]LogInit: User: Nugget
[2015.12.07-21.00.07:568][  0]LogInit: CPU Page size=4096, Cores=4
[2015.12.07-21.00.07:568][  0]LogInit: High frequency timer resolution =2.338346 MHz
[2015.12.07-21.00.07:568][  0]LogMemory: Memory total: Physical=7.9GB (8GB approx)
[2015.12.07-21.00.07:568][  0]LogMemory: Platform Memory Stats for Windows
[2015.12.07-21.00.07:568][  0]LogMemory: Process Physical Memory: 56.29 MB used, 56.29 MB peak
[2015.12.07-21.00.07:568][  0]LogMemory: Process Virtual Memory: 56.95 MB used, 56.95 MB peak
[2015.12.07-21.00.07:568][  0]LogMemory: Physical Memory: 3920.38 MB used, 8103.95 MB total
[2015.12.07-21.00.07:568][  0]LogMemory: Virtual Memory: 382.01 MB used, 134217728.00 MB total
[2015.12.07-21.00.07:729][  0]LogTextLocalizationManager: No translations for ('fr-FR') exist, falling back to 'en' for localization and internationalization data.
[2015.12.07-21.00.09:417][  0]LogD3D11RHI: Found D3D11 adapter 0: NVIDIA GeForce GT 740M                   (Feature Level 11_0)
[2015.12.07-21.00.09:417][  0]LogD3D11RHI: Adapter has 1997MB of dedicated video memory, 0MB of dedicated system memory, and 4051MB of shared system memory, 1 output[s]
[2015.12.07-21.00.09:437][  0]LogD3D11RHI: Found D3D11 adapter 1: Intel(R) HD Graphics 4600 (Feature Level 11_0)
[2015.12.07-21.00.09:437][  0]LogD3D11RHI: Adapter has 112MB of dedicated video memory, 0MB of dedicated system memory, and 4051MB of shared system memory, 0 output[s]
[2015.12.07-21.00.09:443][  0]LogD3D11RHI: Found D3D11 adapter 2: Microsoft Basic Render Driver (Feature Level 11_0)
[2015.12.07-21.00.09:443][  0]LogD3D11RHI: Adapter has 0MB of dedicated video memory, 0MB of dedicated system memory, and 4051MB of shared system memory, 0 output[s]
[2015.12.07-21.00.09:443][  0]LogD3D11RHI: Chosen D3D11 Adapter Id = 0
[2015.12.07-21.00.09:457][  0]LogD3D11RHI: !Direct3DDevice
[2015.12.07-21.00.09:457][  0]LogRHI: Texture pool is 1361 MB (70% of 1945 MB)
[2015.12.07-21.00.09:503][  0]LogD3D11RHI: Async texture creation enabled
[2015.12.07-21.00.09:529][  0]LogShaderCompilers: Guid format shader working directory is -16 characters bigger than the processId version (../../../../../../Users/Nugget/Documents/GitHub/Orbz/MyProject2/Intermediate/Shaders/WorkingDirectory/8444/).
[2015.12.07-21.00.09:529][  0]LogShaderCompilers: Cleaned the shader compiler working directory 'C:/Users/Nugget/AppData/Local/Temp/UnrealShaderWorkingDir/90AED0444B49463D7AD7C1BAA359A698/'.
[2015.12.07-21.00.09:529][  0]LogShaderCompilers:Display: Using Local Shader Compiler.
[2015.12.07-21.00.12:497][  0]LogTemp:Display: Loaded TP AllDesktopTargetPlatform
[2015.12.07-21.00.12:521][  0]LogTemp:Display: Loaded TP WindowsClientTargetPlatform
[2015.12.07-21.00.12:544][  0]LogTemp:Display: Loaded TP WindowsNoEditorTargetPlatform
[2015.12.07-21.00.12:567][  0]LogTemp:Display: Loaded TP WindowsServerTargetPlatform
[2015.12.07-21.00.12:588][  0]LogTemp:Display: Loaded TP WindowsTargetPlatform
[2015.12.07-21.00.12:604][  0]LogTemp:Display: Loaded TP AndroidTargetPlatform
[2015.12.07-21.00.12:618][  0]LogTemp:Display: Loaded TP Android_ASTCTargetPlatform
[2015.12.07-21.00.12:631][  0]LogTemp:Display: Loaded TP Android_ATCTargetPlatform
[2015.12.07-21.00.12:645][  0]LogTemp:Display: Loaded TP Android_DXTTargetPlatform
[2015.12.07-21.00.12:659][  0]LogTemp:Display: Loaded TP Android_ETC1TargetPlatform
[2015.12.07-21.00.12:675][  0]LogTemp:Display: Loaded TP Android_ETC2TargetPlatform
[2015.12.07-21.00.12:707][  0]LogTemp:Display: Loaded TP Android_MultiTargetPlatform
[2015.12.07-21.00.12:707][  0]LogTemp:Display: Loaded TP Android_PVRTCTargetPlatform
[2015.12.07-21.00.12:712][  0]LogTemp:Display: Loaded TP HTML5TargetPlatform
[2015.12.07-21.00.12:756][  0]LogTemp:Display: Loaded TP IOSTargetPlatform
[2015.12.07-21.00.12:769][  0]LogTemp:Display: Loaded TP LinuxNoEditorTargetPlatform
[2015.12.07-21.00.12:782][  0]LogTemp:Display: Loaded TP LinuxServerTargetPlatform
[2015.12.07-21.00.12:796][  0]LogTemp:Display: Loaded TP LinuxTargetPlatform
[2015.12.07-21.00.12:797][  0]LogTargetPlatformManager:Display: Building Assets For Windows
[2015.12.07-21.00.13:153][  0]LogDerivedDataCache:Display: Max Cache Size: 512 MB
[2015.12.07-21.00.13:305][  0]LogDerivedDataCache: Loaded boot cache 0.15s 41MB C:/Users/Nugget/AppData/Local/UnrealEngine/4.10/DerivedDataCache/Boot.ddc.
[2015.12.07-21.00.13:305][  0]LogDerivedDataCache:Display: Loaded Boot cache: C:/Users/Nugget/AppData/Local/UnrealEngine/4.10/DerivedDataCache/Boot.ddc
[2015.12.07-21.00.13:305][  0]LogDerivedDataCache: FDerivedDataBackendGraph:  Pak pak cache file ../../../../../../Users/Nugget/Documents/GitHub/Orbz/MyProject2/DerivedDataCache/DDC.ddp not found, will not use a pak cache.
[2015.12.07-21.00.13:305][  0]LogDerivedDataCache: Unable to find inner node Pak for hierarchical cache Hierarchy.
[2015.12.07-21.00.13:305][  0]LogDerivedDataCache: FDerivedDataBackendGraph:  CompressedPak pak cache file ../../../../../../Users/Nugget/Documents/GitHub/Orbz/MyProject2/DerivedDataCache/Compressed.ddp not found, will not use a pak cache.
[2015.12.07-21.00.13:305][  0]LogDerivedDataCache: Unable to find inner node CompressedPak for hierarchical cache Hierarchy.
[2015.12.07-21.00.13:305][  0]LogDerivedDataCache: FDerivedDataBackendGraph:  EnginePak pak cache file ../../../Engine/DerivedDataCache/Compressed.ddp not found, will not use a pak cache.
[2015.12.07-21.00.13:306][  0]LogDerivedDataCache: Unable to find inner node EnginePak for hierarchical cache Hierarchy.
[2015.12.07-21.00.13:321][  0]LogDerivedDataCache: Using Local data cache path C:/Users/Nugget/AppData/Local/UnrealEngine/Common/DerivedDataCache: Writable
[2015.12.07-21.00.14:211][  0]LogInit: Selected Device Profile: [Windows]
[2015.12.07-21.00.14:220][  0]LogContentStreaming: Texture pool size is 0.000000MB
[2015.12.07-21.00.14:563][  0]LogMeshUtilities: No automatic mesh reduction module available
[2015.12.07-21.00.14:563][  0]LogMeshUtilities: No automatic mesh merging module available
[2015.12.07-21.00.15:349][  0]LogInit: WinSock: version 1.1 (2.2), MaxSocks=32767, MaxUdp=65467
[2015.12.07-21.00.18:479][  0]UdpMessaging: Initializing bridge on interface 0.0.0.0:0 to multicast group 230.0.0.1:6666.
[2015.12.07-21.00.18:711][  0]LogAssetRegistry: FAssetRegistry took 0.0119 seconds to start up
[2015.12.07-21.00.19:404][  0]SourceControl: Info Source control is disabled
[2015.12.07-21.00.19:409][  0]SourceControl: Info Source control is disabled
[2015.12.07-21.00.19:466][  0]SourceControl: Info Source control is disabled
[2015.12.07-21.00.19:524][  0]SourceControl: Info Source control is disabled
[2015.12.07-21.00.20:635][  0]LogObj: 28633 objects as part of root set at end of initial load.
[2015.12.07-21.00.20:635][  0]LogUObjectAllocator: 6099752 out of 0 bytes used by permanent object pool.
[2015.12.07-21.00.20:782][  0]LogEngine: Initializing Engine...
[2015.12.07-21.00.20:796][  0]LogHMD: Can't find Oculus library dev build: is proper Runtime installed? Version: 0.8.0.0
[2015.12.07-21.00.20:811][  0]LogHMD: SteamVR failed to initialize.  Err: 108
[2015.12.07-21.00.21:169][  0]LogAIModule: Creating AISystem for world NewWorld
[2015.12.07-21.00.21:180][  0]LogInit: XAudio2 using 'Haut-parleurs (IDT High Definition Audio CODEC)' : 2 channels at 44.1 kHz using 16 bits per sample (channel mask 0x3)
[2015.12.07-21.00.21:653][  0]LogInit: FAudioDevice initialized.
[2015.12.07-21.00.21:716][  0]LogDerivedDataCache: Saved boot cache 0.06s 41MB C:/Users/Nugget/AppData/Local/UnrealEngine/4.10/DerivedDataCache/Boot.ddc.
[2015.12.07-21.00.21:725][  0]LogInit: Texture streaming: Enabled
[2015.12.07-21.00.21:754][  0]LogAnalytics: Creating configured Analytics provider AnalyticsET
[2015.12.07-21.00.21:755][  0]LogAnalytics: [UEEditor.Rocket.Release] APIServer = http://et2.epicgames.com/ET2/. AppVersion = 4.10.0-2758231+++depot+UE4-Releases+4.10
[2015.12.07-21.00.21:755][  0]LogAnalytics: [UEEditor.Rocket.Release] SetUserId 76aeb337481575e91c2acbb2077d65bd|4cefb85f748c4a0e8176a8c76d7f05bf|68b1234c-683a-42b5-9662-8a3716a38113
[2015.12.07-21.00.21:755][  0]LogAnalytics: [UEEditor.Rocket.Release] AnalyticsET::StartSession
[2015.12.07-21.00.21:805][  0]LogWindowsTextInputMethodSystem:Display: IME system now deactivated.
[2015.12.07-21.00.21:890][  0]LogInit: Transaction tracking system initialized
[2015.12.07-21.00.22:037][  0]BlueprintLog: New page: Editor Load
[2015.12.07-21.00.24:135][  0]LocalizationService: Info Localization service is disabled
[2015.12.07-21.00.24:706][  0]LogLinker:Warning: Can't find file '/Game/TopDownBP/TopDownOverview'
[2015.12.07-21.00.24:707][  0]LogLinker:Warning: Can't find file '/Game/TopDownBP/TopDownOverview'
[2015.12.07-21.00.24:707][  0]LogUObjectGlobals:Warning: Failed to find object 'Class /Game/TopDownBP/TopDownOverview.TopDownOverview_C'
[2015.12.07-21.00.25:410][  0]LogConsoleResponse:Display: 
[2015.12.07-21.00.25:770][  0]LogCook:Display: Done creating registry. It took  0.00s.
[2015.12.07-21.00.26:059][  0]LogFileCache: Scanning file cache for directory 'C:/Users/Nugget/Documents/GitHub/Orbz/MyProject2/Content/' took 0.02s
[2015.12.07-21.00.26:059][  0]SourceControl: Info Source control is disabled
[2015.12.07-21.00.26:349][  0]LogFactory: FactoryCreateBinary: PackFactory with PackFactory (0 0 C:/Program Files (x86)/Epic Games/4.10/FeaturePacks/StarterContent.upack)
[2015.12.07-21.00.26:670][  0]LogPackFactory: Finished extracting 8 files (including 0 errors).
[2015.12.07-21.00.26:710][  0]LogPackFactory: Copied "../../../Samples/StarterContent/Content/StarterContent/Architecture/Floor_400x400.uasset" to "../../../../../../Users/Nugget/Documents/GitHub/Orbz/MyProject2/Content/StarterContent/Architecture/Floor_400x400.uasset"
[2015.12.07-21.00.26:717][  0]LogPackFactory: Copied "../../../Samples/StarterContent/Content/StarterContent/Architecture/Pillar_50x500.uasset" to "../../../../../../Users/Nugget/Documents/GitHub/Orbz/MyProject2/Content/StarterContent/Architecture/Pillar_50x500.uasset"
[2015.12.07-21.00.26:793][  0]LogPackFactory: Copied "../../../Samples/StarterContent/Content/StarterContent/Architecture/SM_AssetPlatform.uasset" to "../../../../../../Users/Nugget/Documents/GitHub/Orbz/MyProject2/Content/StarterContent/Architecture/SM_AssetPlatform.uasset"
[2015.12.07-21.00.26:812][  0]LogPackFactory: Copied "../../../Samples/StarterContent/Content/StarterContent/Architecture/Wall_400x200.uasset" to "../../../../../../Users/Nugget/Documents/GitHub/Orbz/MyProject2/Content/StarterContent/Architecture/Wall_400x200.uasset"
[2015.12.07-21.00.26:835][  0]LogPackFactory: Copied "../../../Samples/StarterContent/Content/StarterContent/Architecture/Wall_400x300.uasset" to "../../../../../../Users/Nugget/Documents/GitHub/Orbz/MyProject2/Content/StarterContent/Architecture/Wall_400x300.uasset"
[2015.12.07-21.00.26:859][  0]LogPackFactory: Copied "../../../Samples/StarterContent/Content/StarterContent/Architecture/Wall_400x400.uasset" to "../../../../../../Users/Nugget/Documents/GitHub/Orbz/MyProject2/Content/StarterContent/Architecture/Wall_400x400.uasset"
[2015.12.07-21.00.26:910][  0]LogPackFactory: Copied "../../../Samples/StarterContent/Content/StarterContent/Architecture/Wall_500x500.uasset" to "../../../../../../Users/Nugget/Documents/GitHub/Orbz/MyProject2/Content/StarterContent/Architecture/Wall_500x500.uasset"
[2015.12.07-21.00.26:938][  0]LogPackFactory: Copied "../../../Samples/StarterContent/Content/StarterContent/Architecture/Wall_Door_400x300.uasset" to "../../../../../../Users/Nugget/Documents/GitHub/Orbz/MyProject2/Content/StarterContent/Architecture/Wall_Door_400x300.uasset"
[2015.12.07-21.00.26:942][  0]LogPackFactory: Copied "../../../Samples/StarterContent/Content/StarterContent/Architecture/Wall_Door_400x400.uasset" to "../../../../../../Users/Nugget/Documents/GitHub/Orbz/MyProject2/Content/StarterContent/Architecture/Wall_Door_400x400.uasset"
[2015.12.07-21.00.26:970][  0]LogPackFactory: Copied "../../../Samples/StarterContent/Content/StarterContent/Architecture/Wall_Window_400x300.uasset" to "../../../../../../Users/Nugget/Documents/GitHub/Orbz/MyProject2/Content/StarterContent/Architecture/Wall_Window_400x300.uasset"
[2015.12.07-21.00.27:004][  0]LogPackFactory: Copied "../../../Samples/StarterContent/Content/StarterContent/Architecture/Wall_Window_400x400.uasset" to "../../../../../../Users/Nugget/Documents/GitHub/Orbz/MyProject2/Content/StarterContent/Architecture/Wall_Window_400x400.uasset"
[2015.12.07-21.00.27:072][  0]LogPackFactory: Copied "../../../Samples/StarterContent/Content/StarterContent/Audio/Collapse01.uasset" to "../../../../../../Users/Nugget/Documents/GitHub/Orbz/MyProject2/Content/StarterContent/Audio/Collapse01.uasset"
[2015.12.07-21.00.27:778][  0]LogPackFactory: Copied "../../../Samples/StarterContent/Content/StarterContent/Audio/Collapse02.uasset" to "../../../../../../Users/Nugget/Documents/GitHub/Orbz/MyProject2/Content/StarterContent/Audio/Collapse02.uasset"
[2015.12.07-21.00.28:251][  0]LogPackFactory: Copied "../../../Samples/StarterContent/Content/StarterContent/Audio/Collapse_Cue.uasset" to "../../../../../../Users/Nugget/Documents/GitHub/Orbz/MyProject2/Content/StarterContent/Audio/Collapse_Cue.uasset"
[2015.12.07-21.00.28:607][  0]LogPackFactory: Copied "../../../Samples/StarterContent/Content/StarterContent/Audio/Explosion01.uasset" to "../../../../../../Users/Nugget/Documents/GitHub/Orbz/MyProject2/Content/StarterContent/Audio/Explosion01.uasset"
[2015.12.07-21.00.29:125][  0]LogPackFactory: Copied "../../../Samples/StarterContent/Content/StarterContent/Audio/Explosion02.uasset" to "../../../../../../Users/Nugget/Documents/GitHub/Orbz/MyProject2/Content/StarterContent/Audio/Explosion02.uasset"
[2015.12.07-21.00.29:485][  0]LogPackFactory: Copied "../../../Samples/StarterContent/Content/StarterContent/Audio/Explosion_Cue.uasset" to "../../../../../../Users/Nugget/Documents/GitHub/Orbz/MyProject2/Content/StarterContent/Audio/Explosion_Cue.uasset"
[2015.12.07-21.00.29:752][  0]LogPackFactory: Copied "../../../Samples/StarterContent/Content/StarterContent/Audio/Fire01.uasset" to "../../../../../../Users/Nugget/Documents/GitHub/Orbz/MyProject2/Content/StarterContent/Audio/Fire01.uasset"
[2015.12.07-21.00.29:782][  0]LogPackFactory: Copied "../../../Samples/StarterContent/Content/StarterContent/Audio/Fire01_Cue.uasset" to "../../../../../../Users/Nugget/Documents/GitHub/Orbz/MyProject2/Content/StarterContent/Audio/Fire01_Cue.uasset"
[2015.12.07-21.00.29:934][  0]LogPackFactory: Copied "../../../Samples/StarterContent/Content/StarterContent/Audio/Fire_Sparks01.uasset" to "../../../../../../Users/Nugget/Documents/GitHub/Orbz/MyProject2/Content/StarterContent/Audio/Fire_Sparks01.uasset"
[2015.12.07-21.00.30:012][  0]LogPackFactory: Copied "../../../Samples/StarterContent/Content/StarterContent/Audio/Fire_Sparks01_Cue.uasset" to "../../../../../../Users/Nugget/Documents/GitHub/Orbz/MyProject2/Content/StarterContent/Audio/Fire_Sparks01_Cue.uasset"
[2015.12.07-21.00.30:135][  0]LogPackFactory: Copied "../../../Samples/StarterContent/Content/StarterContent/Audio/Light01.uasset" to "../../../../../../Users/Nugget/Documents/GitHub/Orbz/MyProject2/Content/StarterContent/Audio/Light01.uasset"
[2015.12.07-21.00.30:151][  0]LogPackFactory: Copied "../../../Samples/StarterContent/Content/StarterContent/Audio/Light01_Cue.uasset" to "../../../../../../Users/Nugget/Documents/GitHub/Orbz/MyProject2/Content/StarterContent/Audio/Light01_Cue.uasset"
[2015.12.07-21.00.30:243][  0]LogPackFactory: Copied "../../../Samples/StarterContent/Content/StarterContent/Audio/Light02.uasset" to "../../../../../../Users/Nugget/Documents/GitHub/Orbz/MyProject2/Content/StarterContent/Audio/Light02.uasset"
[2015.12.07-21.00.30:273][  0]LogPackFactory: Copied "../../../Samples/StarterContent/Content/StarterContent/Audio/Light02_Cue.uasset" to "../../../../../../Users/Nugget/Documents/GitHub/Orbz/MyProject2/Content/StarterContent/Audio/Light02_Cue.uasset"
[2015.12.07-21.00.30:456][  0]LogPackFactory: Copied "../../../Samples/StarterContent/Content/StarterContent/Audio/Smoke01.uasset" to "../../../../../../Users/Nugget/Documents/GitHub/Orbz/MyProject2/Content/StarterContent/Audio/Smoke01.uasset"
[2015.12.07-21.00.30:477][  0]LogPackFactory: Copied "../../../Samples/StarterContent/Content/StarterContent/Audio/Smoke01_Cue.uasset" to "../../../../../../Users/Nugget/Documents/GitHub/Orbz/MyProject2/Content/StarterContent/Audio/Smoke01_Cue.uasset"
[2015.12.07-21.00.30:712][  0]LogPackFactory: Copied "../../../Samples/StarterContent/Content/StarterContent/Audio/Starter_Background_Cue.uasset" to "../../../../../../Users/Nugget/Documents/GitHub/Orbz/MyProject2/Content/StarterContent/Audio/Starter_Background_Cue.uasset"
[2015.12.07-21.00.31:068][  0]LogPackFactory: Copied "../../../Samples/StarterContent/Content/StarterContent/Audio/Starter_Birds01.uasset" to "../../../../../../Users/Nugget/Documents/GitHub/Orbz/MyProject2/Content/StarterContent/Audio/Starter_Birds01.uasset"
[2015.12.07-21.00.32:227][  0]LogPackFactory: Copied "../../../Samples/StarterContent/Content/StarterContent/Audio/Starter_Music01.uasset" to "../../../../../../Users/Nugget/Documents/GitHub/Orbz/MyProject2/Content/StarterContent/Audio/Starter_Music01.uasset"
[2015.12.07-21.00.32:250][  0]LogPackFactory: Copied "../../../Samples/StarterContent/Content/StarterContent/Audio/Starter_Music_Cue.uasset" to "../../../../../../Users/Nugget/Documents/GitHub/Orbz/MyProject2/Content/StarterContent/Audio/Starter_Music_Cue.uasset"
[2015.12.07-21.00.32:536][  0]LogPackFactory: Copied "../../../Samples/StarterContent/Content/StarterContent/Audio/Starter_Wind05.uasset" to "../../../../../../Users/Nugget/Documents/GitHub/Orbz/MyProject2/Content/StarterContent/Audio/Starter_Wind05.uasset"
[2015.12.07-21.00.32:965][  0]LogPackFactory: Copied "../../../Samples/StarterContent/Content/StarterContent/Audio/Starter_Wind06.uasset" to "../../../../../../Users/Nugget/Documents/GitHub/Orbz/MyProject2/Content/StarterContent/Audio/Starter_Wind06.uasset"
[2015.12.07-21.00.33:088][  0]LogPackFactory: Copied "../../../Samples/StarterContent/Content/StarterContent/Audio/Steam01.uasset" to "../../../../../../Users/Nugget/Documents/GitHub/Orbz/MyProject2/Content/StarterContent/Audio/Steam01.uasset"
[2015.12.07-21.00.33:117][  0]LogPackFactory: Copied "../../../Samples/StarterContent/Content/StarterContent/Audio/Steam01_Cue.uasset" to "../../../../../../Users/Nugget/Documents/GitHub/Orbz/MyProject2/Content/StarterContent/Audio/Steam01_Cue.uasset"
[2015.12.07-21.00.33:171][  0]LogPackFactory: Copied "../../../Samples/StarterContent/Content/StarterContent/Blueprints/Blueprint_CeilingLight.uasset" to "../../../../../../Users/Nugget/Documents/GitHub/Orbz/MyProject2/Content/StarterContent/Blueprints/Blueprint_CeilingLight.uasset"
[2015.12.07-21.00.33:198][  0]LogPackFactory: Copied "../../../Samples/StarterContent/Content/StarterContent/Blueprints/Blueprint_Effect_Explosion.uasset" to "../../../../../../Users/Nugget/Documents/GitHub/Orbz/MyProject2/Content/StarterContent/Blueprints/Blueprint_Effect_Explosion.uasset"
[2015.12.07-21.00.33:210][  0]LogPackFactory: Copied "../../../Samples/StarterContent/Content/StarterContent/Blueprints/Blueprint_Effect_Fire.uasset" to "../../../../../../Users/Nugget/Documents/GitHub/Orbz/MyProject2/Content/StarterContent/Blueprints/Blueprint_Effect_Fire.uasset"
[2015.12.07-21.00.33:260][  0]LogPackFactory: Copied "../../../Samples/StarterContent/Content/StarterContent/Blueprints/Blueprint_Effect_Smoke.uasset" to "../../../../../../Users/Nugget/Documents/GitHub/Orbz/MyProject2/Content/StarterContent/Blueprints/Blueprint_Effect_Smoke.uasset"
[2015.12.07-21.00.33:281][  0]LogPackFactory: Copied "../../../Samples/StarterContent/Content/StarterContent/Blueprints/Blueprint_Effect_Sparks.uasset" to "../../../../../../Users/Nugget/Documents/GitHub/Orbz/MyProject2/Content/StarterContent/Blueprints/Blueprint_Effect_Sparks.uasset"
[2015.12.07-21.00.33:304][  0]LogPackFactory: Copied "../../../Samples/StarterContent/Content/StarterContent/Blueprints/Blueprint_Effect_Steam.uasset" to "../../../../../../Users/Nugget/Documents/GitHub/Orbz/MyProject2/Content/StarterContent/Blueprints/Blueprint_Effect_Steam.uasset"
[2015.12.07-21.00.33:326][  0]LogPackFactory: Copied "../../../Samples/StarterContent/Content/StarterContent/Blueprints/Blueprint_WallSconce.uasset" to "../../../../../../Users/Nugget/Documents/GitHub/Orbz/MyProject2/Content/StarterContent/Blueprints/Blueprint_WallSconce.uasset"
[2015.12.07-21.00.33:372][  0]LogPackFactory: Copied "../../../Samples/StarterContent/Content/StarterContent/Blueprints/BP_LightStudio.uasset" to "../../../../../../Users/Nugget/Documents/GitHub/Orbz/MyProject2/Content/StarterContent/Blueprints/BP_LightStudio.uasset"
[2015.12.07-21.00.33:418][  0]LogPackFactory: Copied "../../../Samples/StarterContent/Content/StarterContent/Blueprints/Assets/FogBrightnessLUT.uasset" to "../../../../../../Users/Nugget/Documents/GitHub/Orbz/MyProject2/Content/StarterContent/Blueprints/Assets/FogBrightnessLUT.uasset"
[2015.12.07-21.00.33:473][  0]LogPackFactory: Copied "../../../Samples/StarterContent/Content/StarterContent/Blueprints/Assets/M_LightStage_Arrows.uasset" to "../../../../../../Users/Nugget/Documents/GitHub/Orbz/MyProject2/Content/StarterContent/Blueprints/Assets/M_LightStage_Arrows.uasset"
[2015.12.07-21.00.33:540][  0]LogPackFactory: Copied "../../../Samples/StarterContent/Content/StarterContent/Blueprints/Assets/M_LightStage_Skybox_Black.uasset" to "../../../../../../Users/Nugget/Documents/GitHub/Orbz/MyProject2/Content/StarterContent/Blueprints/Assets/M_LightStage_Skybox_Black.uasset"
[2015.12.07-21.00.33:577][  0]LogPackFactory: Copied "../../../Samples/StarterContent/Content/StarterContent/Blueprints/Assets/M_LightStage_Skybox_HDRI.uasset" to "../../../../../../Users/Nugget/Documents/GitHub/Orbz/MyProject2/Content/StarterContent/Blueprints/Assets/M_LightStage_Skybox_HDRI.uasset"
[2015.12.07-21.00.33:607][  0]LogPackFactory: Copied "../../../Samples/StarterContent/Content/StarterContent/Blueprints/Assets/M_LightStage_Skybox_Master.uasset" to "../../../../../../Users/Nugget/Documents/GitHub/Orbz/MyProject2/Content/StarterContent/Blueprints/Assets/M_LightStage_Skybox_Master.uasset"
[2015.12.07-21.00.33:831][  0]LogPackFactory: Copied "../../../Samples/StarterContent/Content/StarterContent/Blueprints/Assets/Skybox.uasset" to "../../../../../../Users/Nugget/Documents/GitHub/Orbz/MyProject2/Content/StarterContent/Blueprints/Assets/Skybox.uasset"
[2015.12.07-21.00.33:881][  0]LogPackFactory: Copied "../../../Samples/StarterContent/Content/StarterContent/Blueprints/Assets/SM_Arrows.uasset" to "../../../../../../Users/Nugget/Documents/GitHub/Orbz/MyProject2/Content/StarterContent/Blueprints/Assets/SM_Arrows.uasset"
[2015.12.07-21.00.33:900][  0]LogPackFactory: Copied "../../../Samples/StarterContent/Content/StarterContent/Blueprints/Assets/SunlightColorLUT.uasset" to "../../../../../../Users/Nugget/Documents/GitHub/Orbz/MyProject2/Content/StarterContent/Blueprints/Assets/SunlightColorLUT.uasset"
[2015.12.07-21.00.46:783][  0]LogPackFactory: Copied "../../../Samples/StarterContent/Content/StarterContent/HDRI/HDRI_Epic_Courtyard_Daylight.uasset" to "../../../../../../Users/Nugget/Documents/GitHub/Orbz/MyProject2/Content/StarterContent/HDRI/HDRI_Epic_Courtyard_Daylight.uasset"
[2015.12.07-21.00.46:880][  0]LogPackFactory: Copied "../../../Samples/StarterContent/Content/StarterContent/Maps/Advanced_Lighting.umap" to "../../../../../../Users/Nugget/Documents/GitHub/Orbz/MyProject2/Content/StarterContent/Maps/Advanced_Lighting.umap"
[2015.12.07-21.00.47:502][  0]LogPackFactory: Copied "../../../Samples/StarterContent/Content/StarterContent/Maps/Minimal_Default.umap" to "../../../../../../Users/Nugget/Documents/GitHub/Orbz/MyProject2/Content/StarterContent/Maps/Minimal_Default.umap"
[2015.12.07-21.00.49:629][  0]LogPackFactory: Copied "../../../Samples/StarterContent/Content/StarterContent/Maps/StarterMap.umap" to "../../../../../../Users/Nugget/Documents/GitHub/Orbz/MyProject2/Content/StarterContent/Maps/StarterMap.umap"
[2015.12.07-21.00.49:667][  0]LogPackFactory: Copied "../../../Samples/StarterContent/Content/StarterContent/Materials/M_AssetPlatform.uasset" to "../../../../../../Users/Nugget/Documents/GitHub/Orbz/MyProject2/Content/StarterContent/Materials/M_AssetPlatform.uasset"
[2015.12.07-21.00.49:672][  0]LogPackFactory: Copied "../../../Samples/StarterContent/Content/StarterContent/Materials/M_Basic_Floor.uasset" to "../../../../../../Users/Nugget/Documents/GitHub/Orbz/MyProject2/Content/StarterContent/Materials/M_Basic_Floor.uasset"
[2015.12.07-21.00.49:689][  0]LogPackFactory: Copied "../../../Samples/StarterContent/Content/StarterContent/Materials/M_Basic_Wall.uasset" to "../../../../../../Users/Nugget/Documents/GitHub/Orbz/MyProject2/Content/StarterContent/Materials/M_Basic_Wall.uasset"
[2015.12.07-21.00.49:720][  0]LogPackFactory: Copied "../../../Samples/StarterContent/Content/StarterContent/Materials/M_Brick_Clay_Beveled.uasset" to "../../../../../../Users/Nugget/Documents/GitHub/Orbz/MyProject2/Content/StarterContent/Materials/M_Brick_Clay_Beveled.uasset"
[2015.12.07-21.00.49:748][  0]LogPackFactory: Copied "../../../Samples/StarterContent/Content/StarterContent/Materials/M_Brick_Clay_New.uasset" to "../../../../../../Users/Nugget/Documents/GitHub/Orbz/MyProject2/Content/StarterContent/Materials/M_Brick_Clay_New.uasset"
[2015.12.07-21.00.49:759][  0]LogPackFactory: Copied "../../../Samples/StarterContent/Content/StarterContent/Materials/M_Brick_Clay_Old.uasset" to "../../../../../../Users/Nugget/Documents/GitHub/Orbz/MyProject2/Content/StarterContent/Materials/M_Brick_Clay_Old.uasset"
[2015.12.07-21.00.49:779][  0]LogPackFactory: Copied "../../../Samples/StarterContent/Content/StarterContent/Materials/M_Brick_Cut_Stone.uasset" to "../../../../../../Users/Nugget/Documents/GitHub/Orbz/MyProject2/Content/StarterContent/Materials/M_Brick_Cut_Stone.uasset"
[2015.12.07-21.00.49:839][  0]LogPackFactory: Copied "../../../Samples/StarterContent/Content/StarterContent/Materials/M_Brick_Hewn_Stone.uasset" to "../../../../../../Users/Nugget/Documents/GitHub/Orbz/MyProject2/Content/StarterContent/Materials/M_Brick_Hewn_Stone.uasset"
[2015.12.07-21.00.49:874][  0]LogPackFactory: Copied "../../../Samples/StarterContent/Content/StarterContent/Materials/M_Ceramic_Tile_Checker.uasset" to "../../../../../../Users/Nugget/Documents/GitHub/Orbz/MyProject2/Content/StarterContent/Materials/M_Ceramic_Tile_Checker.uasset"
[2015.12.07-21.00.49:917][  0]LogPackFactory: Copied "../../../Samples/StarterContent/Content/StarterContent/Materials/M_CobbleStone_Pebble.uasset" to "../../../../../../Users/Nugget/Documents/GitHub/Orbz/MyProject2/Content/StarterContent/Materials/M_CobbleStone_Pebble.uasset"
[2015.12.07-21.00.50:000][  0]LogPackFactory: Copied "../../../Samples/StarterContent/Content/StarterContent/Materials/M_CobbleStone_Rough.uasset" to "../../../../../../Users/Nugget/Documents/GitHub/Orbz/MyProject2/Content/StarterContent/Materials/M_CobbleStone_Rough.uasset"
[2015.12.07-21.00.50:119][  0]LogPackFactory: Copied "../../../Samples/StarterContent/Content/StarterContent/Materials/M_CobbleStone_Smooth.uasset" to "../../../../../../Users/Nugget/Documents/GitHub/Orbz/MyProject2/Content/StarterContent/Materials/M_CobbleStone_Smooth.uasset"
[2015.12.07-21.00.50:133][  0]LogPackFactory: Copied "../../../Samples/StarterContent/Content/StarterContent/Materials/M_ColorGrid_LowSpec.uasset" to "../../../../../../Users/Nugget/Documents/GitHub/Orbz/MyProject2/Content/StarterContent/Materials/M_ColorGrid_LowSpec.uasset"
[2015.12.07-21.00.50:138][  0]LogPackFactory: Copied "../../../Samples/StarterContent/Content/StarterContent/Materials/M_Concrete_Grime.uasset" to "../../../../../../Users/Nugget/Documents/GitHub/Orbz/MyProject2/Content/StarterContent/Materials/M_Concrete_Grime.uasset"
[2015.12.07-21.00.50:143][  0]LogPackFactory: Copied "../../../Samples/StarterContent/Content/StarterContent/Materials/M_Concrete_Panels.uasset" to "../../../../../../Users/Nugget/Documents/GitHub/Orbz/MyProject2/Content/StarterContent/Materials/M_Concrete_Panels.uasset"
[2015.12.07-21.00.50:204][  0]LogPackFactory: Copied "../../../Samples/StarterContent/Content/StarterContent/Materials/M_Concrete_Poured.uasset" to "../../../../../../Users/Nugget/Documents/GitHub/Orbz/MyProject2/Content/StarterContent/Materials/M_Concrete_Poured.uasset"
[2015.12.07-21.00.50:262][  0]LogPackFactory: Copied "../../../Samples/StarterContent/Content/StarterContent/Materials/M_Concrete_Tiles.uasset" to "../../../../../../Users/Nugget/Documents/GitHub/Orbz/MyProject2/Content/StarterContent/Materials/M_Concrete_Tiles.uasset"
[2015.12.07-21.00.50:272][  0]LogPackFactory: Copied "../../../Samples/StarterContent/Content/StarterContent/Materials/M_Glass.uasset" to "../../../../../../Users/Nugget/Documents/GitHub/Orbz/MyProject2/Content/StarterContent/Materials/M_Glass.uasset"
[2015.12.07-21.00.50:393][  0]LogPackFactory: Copied "../../../Samples/StarterContent/Content/StarterContent/Materials/M_Ground_Grass.uasset" to "../../../../../../Users/Nugget/Documents/GitHub/Orbz/MyProject2/Content/StarterContent/Materials/M_Ground_Grass.uasset"
[2015.12.07-21.00.50:939][  0]LogPackFactory: Copied "../../../Samples/StarterContent/Content/StarterContent/Materials/M_Ground_Gravel.uasset" to "../../../../../../Users/Nugget/Documents/GitHub/Orbz/MyProject2/Content/StarterContent/Materials/M_Ground_Gravel.uasset"
[2015.12.07-21.00.50:972][  0]LogPackFactory: Copied "../../../Samples/StarterContent/Content/StarterContent/Materials/M_Ground_Moss.uasset" to "../../../../../../Users/Nugget/Documents/GitHub/Orbz/MyProject2/Content/StarterContent/Materials/M_Ground_Moss.uasset"
[2015.12.07-21.00.50:976][  0]LogPackFactory: Copied "../../../Samples/StarterContent/Content/StarterContent/Materials/M_Metal_Brushed_Nickel.uasset" to "../../../../../../Users/Nugget/Documents/GitHub/Orbz/MyProject2/Content/StarterContent/Materials/M_Metal_Brushed_Nickel.uasset"
[2015.12.07-21.00.51:007][  0]LogPackFactory: Copied "../../../Samples/StarterContent/Content/StarterContent/Materials/M_Metal_Burnished_Steel.uasset" to "../../../../../../Users/Nugget/Documents/GitHub/Orbz/MyProject2/Content/StarterContent/Materials/M_Metal_Burnished_Steel.uasset"
[2015.12.07-21.00.51:074][  0]LogPackFactory: Copied "../../../Samples/StarterContent/Content/StarterContent/Materials/M_Metal_Chrome.uasset" to "../../../../../../Users/Nugget/Documents/GitHub/Orbz/MyProject2/Content/StarterContent/Materials/M_Metal_Chrome.uasset"
[2015.12.07-21.00.51:078][  0]LogPackFactory: Copied "../../../Samples/StarterContent/Content/StarterContent/Materials/M_Metal_Copper.uasset" to "../../../../../../Users/Nugget/Documents/GitHub/Orbz/MyProject2/Content/StarterContent/Materials/M_Metal_Copper.uasset"
[2015.12.07-21.00.51:083][  0]LogPackFactory: Copied "../../../Samples/StarterContent/Content/StarterContent/Materials/M_Metal_Gold.uasset" to "../../../../../../Users/Nugget/Documents/GitHub/Orbz/MyProject2/Content/StarterContent/Materials/M_Metal_Gold.uasset"
[2015.12.07-21.00.51:088][  0]LogPackFactory: Copied "../../../Samples/StarterContent/Content/StarterContent/Materials/M_Metal_Rust.uasset" to "../../../../../../Users/Nugget/Documents/GitHub/Orbz/MyProject2/Content/StarterContent/Materials/M_Metal_Rust.uasset"
[2015.12.07-21.00.51:175][  0]LogPackFactory: Copied "../../../Samples/StarterContent/Content/StarterContent/Materials/M_Metal_Steel.uasset" to "../../../../../../Users/Nugget/Documents/GitHub/Orbz/MyProject2/Content/StarterContent/Materials/M_Metal_Steel.uasset"
[2015.12.07-21.00.51:221][  0]LogPackFactory: Copied "../../../Samples/StarterContent/Content/StarterContent/Materials/M_Rock_Basalt.uasset" to "../../../../../../Users/Nugget/Documents/GitHub/Orbz/MyProject2/Content/StarterContent/Materials/M_Rock_Basalt.uasset"
[2015.12.07-21.00.51:226][  0]LogPackFactory: Copied "../../../Samples/StarterContent/Content/StarterContent/Materials/M_Rock_Marble_Polished.uasset" to "../../../../../../Users/Nugget/Documents/GitHub/Orbz/MyProject2/Content/StarterContent/Materials/M_Rock_Marble_Polished.uasset"
[2015.12.07-21.00.51:231][  0]LogPackFactory: Copied "../../../Samples/StarterContent/Content/StarterContent/Materials/M_Rock_Sandstone.uasset" to "../../../../../../Users/Nugget/Documents/GitHub/Orbz/MyProject2/Content/StarterContent/Materials/M_Rock_Sandstone.uasset"
[2015.12.07-21.00.51:270][  0]LogPackFactory: Copied "../../../Samples/StarterContent/Content/StarterContent/Materials/M_Rock_Slate.uasset" to "../../../../../../Users/Nugget/Documents/GitHub/Orbz/MyProject2/Content/StarterContent/Materials/M_Rock_Slate.uasset"
[2015.12.07-21.00.51:275][  0]LogPackFactory: Copied "../../../Samples/StarterContent/Content/StarterContent/Materials/M_Tech_Checker_Dot.uasset" to "../../../../../../Users/Nugget/Documents/GitHub/Orbz/MyProject2/Content/StarterContent/Materials/M_Tech_Checker_Dot.uasset"
[2015.12.07-21.00.51:280][  0]LogPackFactory: Copied "../../../Samples/StarterContent/Content/StarterContent/Materials/M_Tech_Hex_Tile.uasset" to "../../../../../../Users/Nugget/Documents/GitHub/Orbz/MyProject2/Content/StarterContent/Materials/M_Tech_Hex_Tile.uasset"
[2015.12.07-21.00.51:286][  0]LogPackFactory: Copied "../../../Samples/StarterContent/Content/StarterContent/Materials/M_Tech_Hex_Tile_Pulse.uasset" to "../../../../../../Users/Nugget/Documents/GitHub/Orbz/MyProject2/Content/StarterContent/Materials/M_Tech_Hex_Tile_Pulse.uasset"
[2015.12.07-21.00.51:309][  0]LogPackFactory: Copied "../../../Samples/StarterContent/Content/StarterContent/Materials/M_Tech_Panel.uasset" to "../../../../../../Users/Nugget/Documents/GitHub/Orbz/MyProject2/Content/StarterContent/Materials/M_Tech_Panel.uasset"
[2015.12.07-21.00.51:314][  0]LogPackFactory: Copied "../../../Samples/StarterContent/Content/StarterContent/Materials/M_Water_Lake.uasset" to "../../../../../../Users/Nugget/Documents/GitHub/Orbz/MyProject2/Content/StarterContent/Materials/M_Water_Lake.uasset"
[2015.12.07-21.00.51:318][  0]LogPackFactory: Copied "../../../Samples/StarterContent/Content/StarterContent/Materials/M_Water_Ocean.uasset" to "../../../../../../Users/Nugget/Documents/GitHub/Orbz/MyProject2/Content/StarterContent/Materials/M_Water_Ocean.uasset"
[2015.12.07-21.00.51:379][  0]LogPackFactory: Copied "../../../Samples/StarterContent/Content/StarterContent/Materials/M_Wood_Floor_Walnut_Polished.uasset" to "../../../../../../Users/Nugget/Documents/GitHub/Orbz/MyProject2/Content/StarterContent/Materials/M_Wood_Floor_Walnut_Polished.uasset"
[2015.12.07-21.00.51:414][  0]LogPackFactory: Copied "../../../Samples/StarterContent/Content/StarterContent/Materials/M_Wood_Floor_Walnut_Worn.uasset" to "../../../../../../Users/Nugget/Documents/GitHub/Orbz/MyProject2/Content/StarterContent/Materials/M_Wood_Floor_Walnut_Worn.uasset"
[2015.12.07-21.00.51:444][  0]LogPackFactory: Copied "../../../Samples/StarterContent/Content/StarterContent/Materials/M_Wood_Oak.uasset" to "../../../../../../Users/Nugget/Documents/GitHub/Orbz/MyProject2/Content/StarterContent/Materials/M_Wood_Oak.uasset"
[2015.12.07-21.00.51:469][  0]LogPackFactory: Copied "../../../Samples/StarterContent/Content/StarterContent/Materials/M_Wood_Pine.uasset" to "../../../../../../Users/Nugget/Documents/GitHub/Orbz/MyProject2/Content/StarterContent/Materials/M_Wood_Pine.uasset"
[2015.12.07-21.00.51:520][  0]LogPackFactory: Copied "../../../Samples/StarterContent/Content/StarterContent/Materials/M_Wood_Walnut.uasset" to "../../../../../../Users/Nugget/Documents/GitHub/Orbz/MyProject2/Content/StarterContent/Materials/M_Wood_Walnut.uasset"
[2015.12.07-21.00.51:545][  0]LogPackFactory: Copied "../../../Samples/StarterContent/Content/StarterContent/Particles/P_Ambient_Dust.uasset" to "../../../../../../Users/Nugget/Documents/GitHub/Orbz/MyProject2/Content/StarterContent/Particles/P_Ambient_Dust.uasset"
[2015.12.07-21.00.51:578][  0]LogPackFactory: Copied "../../../Samples/StarterContent/Content/StarterContent/Particles/P_Explosion.uasset" to "../../../../../../Users/Nugget/Documents/GitHub/Orbz/MyProject2/Content/StarterContent/Particles/P_Explosion.uasset"
[2015.12.07-21.00.51:633][  0]LogPackFactory: Copied "../../../Samples/StarterContent/Content/StarterContent/Particles/P_Fire.uasset" to "../../../../../../Users/Nugget/Documents/GitHub/Orbz/MyProject2/Content/StarterContent/Particles/P_Fire.uasset"
[2015.12.07-21.00.51:657][  0]LogPackFactory: Copied "../../../Samples/StarterContent/Content/StarterContent/Particles/P_Smoke.uasset" to "../../../../../../Users/Nugget/Documents/GitHub/Orbz/MyProject2/Content/StarterContent/Particles/P_Smoke.uasset"
[2015.12.07-21.00.51:922][  0]LogPackFactory: Copied "../../../Samples/StarterContent/Content/StarterContent/Particles/P_Sparks.uasset" to "../../../../../../Users/Nugget/Documents/GitHub/Orbz/MyProject2/Content/StarterContent/Particles/P_Sparks.uasset"
[2015.12.07-21.00.51:993][  0]LogPackFactory: Copied "../../../Samples/StarterContent/Content/StarterContent/Particles/P_Steam_Lit.uasset" to "../../../../../../Users/Nugget/Documents/GitHub/Orbz/MyProject2/Content/StarterContent/Particles/P_Steam_Lit.uasset"
[2015.12.07-21.00.52:030][  0]LogPackFactory: Copied "../../../Samples/StarterContent/Content/StarterContent/Particles/Materials/M_Burst.uasset" to "../../../../../../Users/Nugget/Documents/GitHub/Orbz/MyProject2/Content/StarterContent/Particles/Materials/M_Burst.uasset"
[2015.12.07-21.00.52:063][  0]LogPackFactory: Copied "../../../Samples/StarterContent/Content/StarterContent/Particles/Materials/M_Dust_Particle.uasset" to "../../../../../../Users/Nugget/Documents/GitHub/Orbz/MyProject2/Content/StarterContent/Particles/Materials/M_Dust_Particle.uasset"
[2015.12.07-21.00.52:124][  0]LogPackFactory: Copied "../../../Samples/StarterContent/Content/StarterContent/Particles/Materials/M_explosion_subUV.uasset" to "../../../../../../Users/Nugget/Documents/GitHub/Orbz/MyProject2/Content/StarterContent/Particles/Materials/M_explosion_subUV.uasset"
[2015.12.07-21.00.52:167][  0]LogPackFactory: Copied "../../../Samples/StarterContent/Content/StarterContent/Particles/Materials/M_Fire_SubUV.uasset" to "../../../../../../Users/Nugget/Documents/GitHub/Orbz/MyProject2/Content/StarterContent/Particles/Materials/M_Fire_SubUV.uasset"
[2015.12.07-21.00.52:188][  0]LogPackFactory: Copied "../../../Samples/StarterContent/Content/StarterContent/Particles/Materials/m_flare_01.uasset" to "../../../../../../Users/Nugget/Documents/GitHub/Orbz/MyProject2/Content/StarterContent/Particles/Materials/m_flare_01.uasset"
[2015.12.07-21.00.52:208][  0]LogPackFactory: Copied "../../../Samples/StarterContent/Content/StarterContent/Particles/Materials/M_Heat_Distortion.uasset" to "../../../../../../Users/Nugget/Documents/GitHub/Orbz/MyProject2/Content/StarterContent/Particles/Materials/M_Heat_Distortion.uasset"
[2015.12.07-21.00.52:260][  0]LogPackFactory: Copied "../../../Samples/StarterContent/Content/StarterContent/Particles/Materials/M_Radial_Gradient.uasset" to "../../../../../../Users/Nugget/Documents/GitHub/Orbz/MyProject2/Content/StarterContent/Particles/Materials/M_Radial_Gradient.uasset"
[2015.12.07-21.00.52:317][  0]LogPackFactory: Copied "../../../Samples/StarterContent/Content/StarterContent/Particles/Materials/M_radial_ramp.uasset" to "../../../../../../Users/Nugget/Documents/GitHub/Orbz/MyProject2/Content/StarterContent/Particles/Materials/M_radial_ramp.uasset"
[2015.12.07-21.00.52:321][  0]LogPackFactory: Copied "../../../Samples/StarterContent/Content/StarterContent/Particles/Materials/M_smoke_subUV.uasset" to "../../../../../../Users/Nugget/Documents/GitHub/Orbz/MyProject2/Content/StarterContent/Particles/Materials/M_smoke_subUV.uasset"
[2015.12.07-21.00.52:344][  0]LogPackFactory: Copied "../../../Samples/StarterContent/Content/StarterContent/Particles/Materials/M_Spark.uasset" to "../../../../../../Users/Nugget/Documents/GitHub/Orbz/MyProject2/Content/StarterContent/Particles/Materials/M_Spark.uasset"
[2015.12.07-21.00.52:372][  0]LogPackFactory: Copied "../../../Samples/StarterContent/Content/StarterContent/Props/MaterialSphere.uasset" to "../../../../../../Users/Nugget/Documents/GitHub/Orbz/MyProject2/Content/StarterContent/Props/MaterialSphere.uasset"
[2015.12.07-21.00.52:402][  0]LogPackFactory: Copied "../../../Samples/StarterContent/Content/StarterContent/Props/SM_Bush.uasset" to "../../../../../../Users/Nugget/Documents/GitHub/Orbz/MyProject2/Content/StarterContent/Props/SM_Bush.uasset"
[2015.12.07-21.00.52:408][  0]LogPackFactory: Copied "../../../Samples/StarterContent/Content/StarterContent/Props/SM_Chair.uasset" to "../../../../../../Users/Nugget/Documents/GitHub/Orbz/MyProject2/Content/StarterContent/Props/SM_Chair.uasset"
[2015.12.07-21.00.52:414][  0]LogPackFactory: Copied "../../../Samples/StarterContent/Content/StarterContent/Props/SM_CornerFrame.uasset" to "../../../../../../Users/Nugget/Documents/GitHub/Orbz/MyProject2/Content/StarterContent/Props/SM_CornerFrame.uasset"
[2015.12.07-21.00.52:464][  0]LogPackFactory: Copied "../../../Samples/StarterContent/Content/StarterContent/Props/SM_Couch.uasset" to "../../../../../../Users/Nugget/Documents/GitHub/Orbz/MyProject2/Content/StarterContent/Props/SM_Couch.uasset"
[2015.12.07-21.00.52:512][  0]LogPackFactory: Copied "../../../Samples/StarterContent/Content/StarterContent/Props/SM_Door.uasset" to "../../../../../../Users/Nugget/Documents/GitHub/Orbz/MyProject2/Content/StarterContent/Props/SM_Door.uasset"
[2015.12.07-21.00.52:516][  0]LogPackFactory: Copied "../../../Samples/StarterContent/Content/StarterContent/Props/SM_DoorFrame.uasset" to "../../../../../../Users/Nugget/Documents/GitHub/Orbz/MyProject2/Content/StarterContent/Props/SM_DoorFrame.uasset"
[2015.12.07-21.00.52:558][  0]LogPackFactory: Copied "../../../Samples/StarterContent/Content/StarterContent/Props/SM_GlassWindow.uasset" to "../../../../../../Users/Nugget/Documents/GitHub/Orbz/MyProject2/Content/StarterContent/Props/SM_GlassWindow.uasset"
[2015.12.07-21.00.52:606][  0]LogPackFactory: Copied "../../../Samples/StarterContent/Content/StarterContent/Props/SM_Lamp_Ceiling.uasset" to "../../../../../../Users/Nugget/Documents/GitHub/Orbz/MyProject2/Content/StarterContent/Props/SM_Lamp_Ceiling.uasset"
[2015.12.07-21.00.52:610][  0]LogPackFactory: Copied "../../../Samples/StarterContent/Content/StarterContent/Props/SM_Lamp_Wall.uasset" to "../../../../../../Users/Nugget/Documents/GitHub/Orbz/MyProject2/Content/StarterContent/Props/SM_Lamp_Wall.uasset"
[2015.12.07-21.00.52:947][  0]LogPackFactory: Copied "../../../Samples/StarterContent/Content/StarterContent/Props/SM_MatPreviewMesh_02.uasset" to "../../../../../../Users/Nugget/Documents/GitHub/Orbz/MyProject2/Content/StarterContent/Props/SM_MatPreviewMesh_02.uasset"
[2015.12.07-21.00.52:988][  0]LogPackFactory: Copied "../../../Samples/StarterContent/Content/StarterContent/Props/SM_PillarFrame.uasset" to "../../../../../../Users/Nugget/Documents/GitHub/Orbz/MyProject2/Content/StarterContent/Props/SM_PillarFrame.uasset"
[2015.12.07-21.00.52:994][  0]LogPackFactory: Copied "../../../Samples/StarterContent/Content/StarterContent/Props/SM_PillarFrame300.uasset" to "../../../../../../Users/Nugget/Documents/GitHub/Orbz/MyProject2/Content/StarterContent/Props/SM_PillarFrame300.uasset"
[2015.12.07-21.00.53:241][  0]LogPackFactory: Copied "../../../Samples/StarterContent/Content/StarterContent/Props/SM_Rock.uasset" to "../../../../../../Users/Nugget/Documents/GitHub/Orbz/MyProject2/Content/StarterContent/Props/SM_Rock.uasset"
[2015.12.07-21.00.53:245][  0]LogPackFactory: Copied "../../../Samples/StarterContent/Content/StarterContent/Props/SM_Shelf.uasset" to "../../../../../../Users/Nugget/Documents/GitHub/Orbz/MyProject2/Content/StarterContent/Props/SM_Shelf.uasset"
[2015.12.07-21.00.53:250][  0]LogPackFactory: Copied "../../../Samples/StarterContent/Content/StarterContent/Props/SM_Stairs.uasset" to "../../../../../../Users/Nugget/Documents/GitHub/Orbz/MyProject2/Content/StarterContent/Props/SM_Stairs.uasset"
[2015.12.07-21.00.53:312][  0]LogPackFactory: Copied "../../../Samples/StarterContent/Content/StarterContent/Props/SM_Statue.uasset" to "../../../../../../Users/Nugget/Documents/GitHub/Orbz/MyProject2/Content/StarterContent/Props/SM_Statue.uasset"
[2015.12.07-21.00.53:479][  0]LogPackFactory: Copied "../../../Samples/StarterContent/Content/StarterContent/Props/SM_TableRound.uasset" to "../../../../../../Users/Nugget/Documents/GitHub/Orbz/MyProject2/Content/StarterContent/Props/SM_TableRound.uasset"
[2015.12.07-21.00.53:527][  0]LogPackFactory: Copied "../../../Samples/StarterContent/Content/StarterContent/Props/SM_WindowFrame.uasset" to "../../../../../../Users/Nugget/Documents/GitHub/Orbz/MyProject2/Content/StarterContent/Props/SM_WindowFrame.uasset"
[2015.12.07-21.00.53:538][  0]LogPackFactory: Copied "../../../Samples/StarterContent/Content/StarterContent/Props/Materials/M_Bush.uasset" to "../../../../../../Users/Nugget/Documents/GitHub/Orbz/MyProject2/Content/StarterContent/Props/Materials/M_Bush.uasset"
[2015.12.07-21.00.53:543][  0]LogPackFactory: Copied "../../../Samples/StarterContent/Content/StarterContent/Props/Materials/M_Chair.uasset" to "../../../../../../Users/Nugget/Documents/GitHub/Orbz/MyProject2/Content/StarterContent/Props/Materials/M_Chair.uasset"
[2015.12.07-21.00.53:548][  0]LogPackFactory: Copied "../../../Samples/StarterContent/Content/StarterContent/Props/Materials/M_Door.uasset" to "../../../../../../Users/Nugget/Documents/GitHub/Orbz/MyProject2/Content/StarterContent/Props/Materials/M_Door.uasset"
[2015.12.07-21.00.53:568][  0]LogPackFactory: Copied "../../../Samples/StarterContent/Content/StarterContent/Props/Materials/M_Frame.uasset" to "../../../../../../Users/Nugget/Documents/GitHub/Orbz/MyProject2/Content/StarterContent/Props/Materials/M_Frame.uasset"
[2015.12.07-21.00.53:574][  0]LogPackFactory: Copied "../../../Samples/StarterContent/Content/StarterContent/Props/Materials/M_Lamp.uasset" to "../../../../../../Users/Nugget/Documents/GitHub/Orbz/MyProject2/Content/StarterContent/Props/Materials/M_Lamp.uasset"
[2015.12.07-21.00.53:579][  0]LogPackFactory: Copied "../../../Samples/StarterContent/Content/StarterContent/Props/Materials/M_MaterialSphere.uasset" to "../../../../../../Users/Nugget/Documents/GitHub/Orbz/MyProject2/Content/StarterContent/Props/Materials/M_MaterialSphere.uasset"
[2015.12.07-21.00.53:583][  0]LogPackFactory: Copied "../../../Samples/StarterContent/Content/StarterContent/Props/Materials/M_MaterialSphere_Plain.uasset" to "../../../../../../Users/Nugget/Documents/GitHub/Orbz/MyProject2/Content/StarterContent/Props/Materials/M_MaterialSphere_Plain.uasset"
[2015.12.07-21.00.53:602][  0]LogPackFactory: Copied "../../../Samples/StarterContent/Content/StarterContent/Props/Materials/M_Rock.uasset" to "../../../../../../Users/Nugget/Documents/GitHub/Orbz/MyProject2/Content/StarterContent/Props/Materials/M_Rock.uasset"
[2015.12.07-21.00.53:606][  0]LogPackFactory: Copied "../../../Samples/StarterContent/Content/StarterContent/Props/Materials/M_Shelf.uasset" to "../../../../../../Users/Nugget/Documents/GitHub/Orbz/MyProject2/Content/StarterContent/Props/Materials/M_Shelf.uasset"
[2015.12.07-21.00.53:639][  0]LogPackFactory: Copied "../../../Samples/StarterContent/Content/StarterContent/Props/Materials/M_Statue.uasset" to "../../../../../../Users/Nugget/Documents/GitHub/Orbz/MyProject2/Content/StarterContent/Props/Materials/M_Statue.uasset"
[2015.12.07-21.00.53:643][  0]LogPackFactory: Copied "../../../Samples/StarterContent/Content/StarterContent/Props/Materials/M_StatueGlass.uasset" to "../../../../../../Users/Nugget/Documents/GitHub/Orbz/MyProject2/Content/StarterContent/Props/Materials/M_StatueGlass.uasset"
[2015.12.07-21.00.53:648][  0]LogPackFactory: Copied "../../../Samples/StarterContent/Content/StarterContent/Props/Materials/M_TableRound.uasset" to "../../../../../../Users/Nugget/Documents/GitHub/Orbz/MyProject2/Content/StarterContent/Props/Materials/M_TableRound.uasset"
[2015.12.07-21.00.53:653][  0]LogPackFactory: Copied "../../../Samples/StarterContent/Content/StarterContent/Shapes/Shape_Cone.uasset" to "../../../../../../Users/Nugget/Documents/GitHub/Orbz/MyProject2/Content/StarterContent/Shapes/Shape_Cone.uasset"
[2015.12.07-21.00.53:699][  0]LogPackFactory: Copied "../../../Samples/StarterContent/Content/StarterContent/Shapes/Shape_Cube.uasset" to "../../../../../../Users/Nugget/Documents/GitHub/Orbz/MyProject2/Content/StarterContent/Shapes/Shape_Cube.uasset"
[2015.12.07-21.00.53:745][  0]LogPackFactory: Copied "../../../Samples/StarterContent/Content/StarterContent/Shapes/Shape_Cylinder.uasset" to "../../../../../../Users/Nugget/Documents/GitHub/Orbz/MyProject2/Content/StarterContent/Shapes/Shape_Cylinder.uasset"
[2015.12.07-21.00.53:814][  0]LogPackFactory: Copied "../../../Samples/StarterContent/Content/StarterContent/Shapes/Shape_NarrowCapsule.uasset" to "../../../../../../Users/Nugget/Documents/GitHub/Orbz/MyProject2/Content/StarterContent/Shapes/Shape_NarrowCapsule.uasset"
[2015.12.07-21.00.53:819][  0]LogPackFactory: Copied "../../../Samples/StarterContent/Content/StarterContent/Shapes/Shape_Pipe.uasset" to "../../../../../../Users/Nugget/Documents/GitHub/Orbz/MyProject2/Content/StarterContent/Shapes/Shape_Pipe.uasset"
[2015.12.07-21.00.53:852][  0]LogPackFactory: Copied "../../../Samples/StarterContent/Content/StarterContent/Shapes/Shape_Pipe_180.uasset" to "../../../../../../Users/Nugget/Documents/GitHub/Orbz/MyProject2/Content/StarterContent/Shapes/Shape_Pipe_180.uasset"
[2015.12.07-21.00.53:858][  0]LogPackFactory: Copied "../../../Samples/StarterContent/Content/StarterContent/Shapes/Shape_Pipe_90.uasset" to "../../../../../../Users/Nugget/Documents/GitHub/Orbz/MyProject2/Content/StarterContent/Shapes/Shape_Pipe_90.uasset"
[2015.12.07-21.00.53:880][  0]LogPackFactory: Copied "../../../Samples/StarterContent/Content/StarterContent/Shapes/Shape_Plane.uasset" to "../../../../../../Users/Nugget/Documents/GitHub/Orbz/MyProject2/Content/StarterContent/Shapes/Shape_Plane.uasset"
[2015.12.07-21.00.53:884][  0]LogPackFactory: Copied "../../../Samples/StarterContent/Content/StarterContent/Shapes/Shape_QuadPyramid.uasset" to "../../../../../../Users/Nugget/Documents/GitHub/Orbz/MyProject2/Content/StarterContent/Shapes/Shape_QuadPyramid.uasset"
[2015.12.07-21.00.53:930][  0]LogPackFactory: Copied "../../../Samples/StarterContent/Content/StarterContent/Shapes/Shape_Sphere.uasset" to "../../../../../../Users/Nugget/Documents/GitHub/Orbz/MyProject2/Content/StarterContent/Shapes/Shape_Sphere.uasset"
[2015.12.07-21.00.53:952][  0]LogPackFactory: Copied "../../../Samples/StarterContent/Content/StarterContent/Shapes/Shape_Torus.uasset" to "../../../../../../Users/Nugget/Documents/GitHub/Orbz/MyProject2/Content/StarterContent/Shapes/Shape_Torus.uasset"
[2015.12.07-21.00.53:984][  0]LogPackFactory: Copied "../../../Samples/StarterContent/Content/StarterContent/Shapes/Shape_Trim.uasset" to "../../../../../../Users/Nugget/Documents/GitHub/Orbz/MyProject2/Content/StarterContent/Shapes/Shape_Trim.uasset"
[2015.12.07-21.00.53:989][  0]LogPackFactory: Copied "../../../Samples/StarterContent/Content/StarterContent/Shapes/Shape_Trim_90_In.uasset" to "../../../../../../Users/Nugget/Documents/GitHub/Orbz/MyProject2/Content/StarterContent/Shapes/Shape_Trim_90_In.uasset"
[2015.12.07-21.00.53:995][  0]LogPackFactory: Copied "../../../Samples/StarterContent/Content/StarterContent/Shapes/Shape_Trim_90_Out.uasset" to "../../../../../../Users/Nugget/Documents/GitHub/Orbz/MyProject2/Content/StarterContent/Shapes/Shape_Trim_90_Out.uasset"
[2015.12.07-21.00.54:000][  0]LogPackFactory: Copied "../../../Samples/StarterContent/Content/StarterContent/Shapes/Shape_TriPyramid.uasset" to "../../../../../../Users/Nugget/Documents/GitHub/Orbz/MyProject2/Content/StarterContent/Shapes/Shape_TriPyramid.uasset"
[2015.12.07-21.00.54:006][  0]LogPackFactory: Copied "../../../Samples/StarterContent/Content/StarterContent/Shapes/Shape_Tube.uasset" to "../../../../../../Users/Nugget/Documents/GitHub/Orbz/MyProject2/Content/StarterContent/Shapes/Shape_Tube.uasset"
[2015.12.07-21.00.54:090][  0]LogPackFactory: Copied "../../../Samples/StarterContent/Content/StarterContent/Shapes/Shape_Wedge_A.uasset" to "../../../../../../Users/Nugget/Documents/GitHub/Orbz/MyProject2/Content/StarterContent/Shapes/Shape_Wedge_A.uasset"
[2015.12.07-21.00.54:093][  0]LogPackFactory: Copied "../../../Samples/StarterContent/Content/StarterContent/Shapes/Shape_Wedge_B.uasset" to "../../../../../../Users/Nugget/Documents/GitHub/Orbz/MyProject2/Content/StarterContent/Shapes/Shape_Wedge_B.uasset"
[2015.12.07-21.00.54:133][  0]LogPackFactory: Copied "../../../Samples/StarterContent/Content/StarterContent/Shapes/Shape_WideCapsule.uasset" to "../../../../../../Users/Nugget/Documents/GitHub/Orbz/MyProject2/Content/StarterContent/Shapes/Shape_WideCapsule.uasset"
[2015.12.07-21.00.55:134][  0]LogPackFactory: Copied "../../../Samples/StarterContent/Content/StarterContent/Textures/T_Brick_Clay_Beveled_D.uasset" to "../../../../../../Users/Nugget/Documents/GitHub/Orbz/MyProject2/Content/StarterContent/Textures/T_Brick_Clay_Beveled_D.uasset"
[2015.12.07-21.00.56:289][  0]LogPackFactory: Copied "../../../Samples/StarterContent/Content/StarterContent/Textures/T_Brick_Clay_Beveled_M.uasset" to "../../../../../../Users/Nugget/Documents/GitHub/Orbz/MyProject2/Content/StarterContent/Textures/T_Brick_Clay_Beveled_M.uasset"
[2015.12.07-21.00.57:125][  0]LogPackFactory: Copied "../../../Samples/StarterContent/Content/StarterContent/Textures/T_Brick_Clay_Beveled_N.uasset" to "../../../../../../Users/Nugget/Documents/GitHub/Orbz/MyProject2/Content/StarterContent/Textures/T_Brick_Clay_Beveled_N.uasset"
[2015.12.07-21.00.58:133][  0]LogPackFactory: Copied "../../../Samples/StarterContent/Content/StarterContent/Textures/T_Brick_Clay_New_D.uasset" to "../../../../../../Users/Nugget/Documents/GitHub/Orbz/MyProject2/Content/StarterContent/Textures/T_Brick_Clay_New_D.uasset"
[2015.12.07-21.00.59:351][  0]LogPackFactory: Copied "../../../Samples/StarterContent/Content/StarterContent/Textures/T_Brick_Clay_New_M.uasset" to "../../../../../../Users/Nugget/Documents/GitHub/Orbz/MyProject2/Content/StarterContent/Textures/T_Brick_Clay_New_M.uasset"
[2015.12.07-21.01.03:444][  0]LogPackFactory: Copied "../../../Samples/StarterContent/Content/StarterContent/Textures/T_Brick_Clay_New_N.uasset" to "../../../../../../Users/Nugget/Documents/GitHub/Orbz/MyProject2/Content/StarterContent/Textures/T_Brick_Clay_New_N.uasset"
[2015.12.07-21.01.04:914][  0]LogPackFactory: Copied "../../../Samples/StarterContent/Content/StarterContent/Textures/T_Brick_Clay_Old_D.uasset" to "../../../../../../Users/Nugget/Documents/GitHub/Orbz/MyProject2/Content/StarterContent/Textures/T_Brick_Clay_Old_D.uasset"
[2015.12.07-21.01.06:551][  0]LogPackFactory: Copied "../../../Samples/StarterContent/Content/StarterContent/Textures/T_Brick_Clay_Old_N.uasset" to "../../../../../../Users/Nugget/Documents/GitHub/Orbz/MyProject2/Content/StarterContent/Textures/T_Brick_Clay_Old_N.uasset"
[2015.12.07-21.01.07:246][  0]LogPackFactory: Copied "../../../Samples/StarterContent/Content/StarterContent/Textures/T_Brick_Cut_Stone_D.uasset" to "../../../../../../Users/Nugget/Documents/GitHub/Orbz/MyProject2/Content/StarterContent/Textures/T_Brick_Cut_Stone_D.uasset"
[2015.12.07-21.01.07:345][  0]LogPackFactory: Copied "../../../Samples/StarterContent/Content/StarterContent/Textures/T_Brick_Cut_Stone_N.uasset" to "../../../../../../Users/Nugget/Documents/GitHub/Orbz/MyProject2/Content/StarterContent/Textures/T_Brick_Cut_Stone_N.uasset"
[2015.12.07-21.01.07:579][  0]LogPackFactory: Copied "../../../Samples/StarterContent/Content/StarterContent/Textures/T_Brick_Hewn_Stone_D.uasset" to "../../../../../../Users/Nugget/Documents/GitHub/Orbz/MyProject2/Content/StarterContent/Textures/T_Brick_Hewn_Stone_D.uasset"
[2015.12.07-21.01.07:673][  0]LogPackFactory: Copied "../../../Samples/StarterContent/Content/StarterContent/Textures/T_Brick_Hewn_Stone_M.uasset" to "../../../../../../Users/Nugget/Documents/GitHub/Orbz/MyProject2/Content/StarterContent/Textures/T_Brick_Hewn_Stone_M.uasset"
[2015.12.07-21.01.07:798][  0]LogPackFactory: Copied "../../../Samples/StarterContent/Content/StarterContent/Textures/T_Brick_Hewn_Stone_N.uasset" to "../../../../../../Users/Nugget/Documents/GitHub/Orbz/MyProject2/Content/StarterContent/Textures/T_Brick_Hewn_Stone_N.uasset"
[2015.12.07-21.01.07:824][  0]LogPackFactory: Copied "../../../Samples/StarterContent/Content/StarterContent/Textures/T_Burst_M.uasset" to "../../../../../../Users/Nugget/Documents/GitHub/Orbz/MyProject2/Content/StarterContent/Textures/T_Burst_M.uasset"
[2015.12.07-21.01.07:859][  0]LogPackFactory: Copied "../../../Samples/StarterContent/Content/StarterContent/Textures/T_Bush_D.uasset" to "../../../../../../Users/Nugget/Documents/GitHub/Orbz/MyProject2/Content/StarterContent/Textures/T_Bush_D.uasset"
[2015.12.07-21.01.07:867][  0]LogPackFactory: Copied "../../../Samples/StarterContent/Content/StarterContent/Textures/T_Bush_N.uasset" to "../../../../../../Users/Nugget/Documents/GitHub/Orbz/MyProject2/Content/StarterContent/Textures/T_Bush_N.uasset"
[2015.12.07-21.01.07:929][  0]LogPackFactory: Copied "../../../Samples/StarterContent/Content/StarterContent/Textures/T_Ceramic_Tile_M.uasset" to "../../../../../../Users/Nugget/Documents/GitHub/Orbz/MyProject2/Content/StarterContent/Textures/T_Ceramic_Tile_M.uasset"
[2015.12.07-21.01.07:950][  0]LogPackFactory: Copied "../../../Samples/StarterContent/Content/StarterContent/Textures/T_Ceramic_Tile_N.uasset" to "../../../../../../Users/Nugget/Documents/GitHub/Orbz/MyProject2/Content/StarterContent/Textures/T_Ceramic_Tile_N.uasset"
[2015.12.07-21.01.07:971][  0]LogPackFactory: Copied "../../../Samples/StarterContent/Content/StarterContent/Textures/T_Chair_M.uasset" to "../../../../../../Users/Nugget/Documents/GitHub/Orbz/MyProject2/Content/StarterContent/Textures/T_Chair_M.uasset"
[2015.12.07-21.01.08:010][  0]LogPackFactory: Copied "../../../Samples/StarterContent/Content/StarterContent/Textures/T_Chair_N.uasset" to "../../../../../../Users/Nugget/Documents/GitHub/Orbz/MyProject2/Content/StarterContent/Textures/T_Chair_N.uasset"
[2015.12.07-21.01.08:030][  0]LogPackFactory: Copied "../../../Samples/StarterContent/Content/StarterContent/Textures/T_Checker_Noise_M.uasset" to "../../../../../../Users/Nugget/Documents/GitHub/Orbz/MyProject2/Content/StarterContent/Textures/T_Checker_Noise_M.uasset"
[2015.12.07-21.01.08:549][  0]LogPackFactory: Copied "../../../Samples/StarterContent/Content/StarterContent/Textures/T_CobbleStone_Pebble_D.uasset" to "../../../../../../Users/Nugget/Documents/GitHub/Orbz/MyProject2/Content/StarterContent/Textures/T_CobbleStone_Pebble_D.uasset"
[2015.12.07-21.01.08:611][  0]LogPackFactory: Copied "../../../Samples/StarterContent/Content/StarterContent/Textures/T_CobbleStone_Pebble_M.uasset" to "../../../../../../Users/Nugget/Documents/GitHub/Orbz/MyProject2/Content/StarterContent/Textures/T_CobbleStone_Pebble_M.uasset"
[2015.12.07-21.01.08:793][  0]LogPackFactory: Copied "../../../Samples/StarterContent/Content/StarterContent/Textures/T_CobbleStone_Pebble_N.uasset" to "../../../../../../Users/Nugget/Documents/GitHub/Orbz/MyProject2/Content/StarterContent/Textures/T_CobbleStone_Pebble_N.uasset"
[2015.12.07-21.01.08:847][  0]LogPackFactory: Copied "../../../Samples/StarterContent/Content/StarterContent/Textures/T_CobbleStone_Rough_D.uasset" to "../../../../../../Users/Nugget/Documents/GitHub/Orbz/MyProject2/Content/StarterContent/Textures/T_CobbleStone_Rough_D.uasset"
[2015.12.07-21.01.08:892][  0]LogPackFactory: Copied "../../../Samples/StarterContent/Content/StarterContent/Textures/T_CobbleStone_Rough_N.uasset" to "../../../../../../Users/Nugget/Documents/GitHub/Orbz/MyProject2/Content/StarterContent/Textures/T_CobbleStone_Rough_N.uasset"
[2015.12.07-21.01.08:982][  0]LogPackFactory: Copied "../../../Samples/StarterContent/Content/StarterContent/Textures/T_CobbleStone_Smooth_D.uasset" to "../../../../../../Users/Nugget/Documents/GitHub/Orbz/MyProject2/Content/StarterContent/Textures/T_CobbleStone_Smooth_D.uasset"
[2015.12.07-21.01.09:071][  0]LogPackFactory: Copied "../../../Samples/StarterContent/Content/StarterContent/Textures/T_CobbleStone_Smooth_M.uasset" to "../../../../../../Users/Nugget/Documents/GitHub/Orbz/MyProject2/Content/StarterContent/Textures/T_CobbleStone_Smooth_M.uasset"
[2015.12.07-21.01.09:199][  0]LogPackFactory: Copied "../../../Samples/StarterContent/Content/StarterContent/Textures/T_CobbleStone_Smooth_N.uasset" to "../../../../../../Users/Nugget/Documents/GitHub/Orbz/MyProject2/Content/StarterContent/Textures/T_CobbleStone_Smooth_N.uasset"
[2015.12.07-21.01.09:349][  0]LogPackFactory: Copied "../../../Samples/StarterContent/Content/StarterContent/Textures/T_Concrete_Grime_D.uasset" to "../../../../../../Users/Nugget/Documents/GitHub/Orbz/MyProject2/Content/StarterContent/Textures/T_Concrete_Grime_D.uasset"
[2015.12.07-21.01.09:473][  0]LogPackFactory: Copied "../../../Samples/StarterContent/Content/StarterContent/Textures/T_Concrete_Panels_D.uasset" to "../../../../../../Users/Nugget/Documents/GitHub/Orbz/MyProject2/Content/StarterContent/Textures/T_Concrete_Panels_D.uasset"
[2015.12.07-21.01.10:536][  0]LogPackFactory: Copied "../../../Samples/StarterContent/Content/StarterContent/Textures/T_Concrete_Panels_N.uasset" to "../../../../../../Users/Nugget/Documents/GitHub/Orbz/MyProject2/Content/StarterContent/Textures/T_Concrete_Panels_N.uasset"
[2015.12.07-21.01.10:708][  0]LogPackFactory: Copied "../../../Samples/StarterContent/Content/StarterContent/Textures/T_Concrete_Poured_D.uasset" to "../../../../../../Users/Nugget/Documents/GitHub/Orbz/MyProject2/Content/StarterContent/Textures/T_Concrete_Poured_D.uasset"
[2015.12.07-21.01.10:825][  0]LogPackFactory: Copied "../../../Samples/StarterContent/Content/StarterContent/Textures/T_Concrete_Poured_N.uasset" to "../../../../../../Users/Nugget/Documents/GitHub/Orbz/MyProject2/Content/StarterContent/Textures/T_Concrete_Poured_N.uasset"
[2015.12.07-21.01.11:753][  0]LogPackFactory: Copied "../../../Samples/StarterContent/Content/StarterContent/Textures/T_Concrete_Tiles_D.uasset" to "../../../../../../Users/Nugget/Documents/GitHub/Orbz/MyProject2/Content/StarterContent/Textures/T_Concrete_Tiles_D.uasset"
[2015.12.07-21.01.11:961][  0]LogPackFactory: Copied "../../../Samples/StarterContent/Content/StarterContent/Textures/T_Concrete_Tiles_M.uasset" to "../../../../../../Users/Nugget/Documents/GitHub/Orbz/MyProject2/Content/StarterContent/Textures/T_Concrete_Tiles_M.uasset"
[2015.12.07-21.01.12:060][  0]LogPackFactory: Copied "../../../Samples/StarterContent/Content/StarterContent/Textures/T_Concrete_Tiles_N.uasset" to "../../../../../../Users/Nugget/Documents/GitHub/Orbz/MyProject2/Content/StarterContent/Textures/T_Concrete_Tiles_N.uasset"
[2015.12.07-21.01.12:079][  0]LogPackFactory: Copied "../../../Samples/StarterContent/Content/StarterContent/Textures/T_Concrete_Tiles_Variation_M.uasset" to "../../../../../../Users/Nugget/Documents/GitHub/Orbz/MyProject2/Content/StarterContent/Textures/T_Concrete_Tiles_Variation_M.uasset"
[2015.12.07-21.01.12:144][  0]LogPackFactory: Copied "../../../Samples/StarterContent/Content/StarterContent/Textures/T_Detail_Rocky_N.uasset" to "../../../../../../Users/Nugget/Documents/GitHub/Orbz/MyProject2/Content/StarterContent/Textures/T_Detail_Rocky_N.uasset"
[2015.12.07-21.01.12:171][  0]LogPackFactory: Copied "../../../Samples/StarterContent/Content/StarterContent/Textures/T_Door_M.uasset" to "../../../../../../Users/Nugget/Documents/GitHub/Orbz/MyProject2/Content/StarterContent/Textures/T_Door_M.uasset"
[2015.12.07-21.01.12:220][  0]LogPackFactory: Copied "../../../Samples/StarterContent/Content/StarterContent/Textures/T_Door_N.uasset" to "../../../../../../Users/Nugget/Documents/GitHub/Orbz/MyProject2/Content/StarterContent/Textures/T_Door_N.uasset"
[2015.12.07-21.01.12:231][  0]LogPackFactory: Copied "../../../Samples/StarterContent/Content/StarterContent/Textures/T_Dust_Particle_D.uasset" to "../../../../../../Users/Nugget/Documents/GitHub/Orbz/MyProject2/Content/StarterContent/Textures/T_Dust_Particle_D.uasset"
[2015.12.07-21.01.12:930][  0]LogPackFactory: Copied "../../../Samples/StarterContent/Content/StarterContent/Textures/T_Explosion_SubUV.uasset" to "../../../../../../Users/Nugget/Documents/GitHub/Orbz/MyProject2/Content/StarterContent/Textures/T_Explosion_SubUV.uasset"
[2015.12.07-21.01.12:965][  0]LogPackFactory: Copied "../../../Samples/StarterContent/Content/StarterContent/Textures/T_Fire_SubUV.uasset" to "../../../../../../Users/Nugget/Documents/GitHub/Orbz/MyProject2/Content/StarterContent/Textures/T_Fire_SubUV.uasset"
[2015.12.07-21.01.13:034][  0]LogPackFactory: Copied "../../../Samples/StarterContent/Content/StarterContent/Textures/T_Fire_Tiled_D.uasset" to "../../../../../../Users/Nugget/Documents/GitHub/Orbz/MyProject2/Content/StarterContent/Textures/T_Fire_Tiled_D.uasset"
[2015.12.07-21.01.13:070][  0]LogPackFactory: Copied "../../../Samples/StarterContent/Content/StarterContent/Textures/T_Frame_M.uasset" to "../../../../../../Users/Nugget/Documents/GitHub/Orbz/MyProject2/Content/StarterContent/Textures/T_Frame_M.uasset"
[2015.12.07-21.01.13:115][  0]LogPackFactory: Copied "../../../Samples/StarterContent/Content/StarterContent/Textures/T_Frame_N.uasset" to "../../../../../../Users/Nugget/Documents/GitHub/Orbz/MyProject2/Content/StarterContent/Textures/T_Frame_N.uasset"
[2015.12.07-21.01.13:140][  0]LogPackFactory: Copied "../../../Samples/StarterContent/Content/StarterContent/Textures/T_Gradinet_01.uasset" to "../../../../../../Users/Nugget/Documents/GitHub/Orbz/MyProject2/Content/StarterContent/Textures/T_Gradinet_01.uasset"
[2015.12.07-21.01.13:319][  0]LogPackFactory: Copied "../../../Samples/StarterContent/Content/StarterContent/Textures/T_Ground_Grass_D.uasset" to "../../../../../../Users/Nugget/Documents/GitHub/Orbz/MyProject2/Content/StarterContent/Textures/T_Ground_Grass_D.uasset"
[2015.12.07-21.01.13:478][  0]LogPackFactory: Copied "../../../Samples/StarterContent/Content/StarterContent/Textures/T_Ground_Grass_N.uasset" to "../../../../../../Users/Nugget/Documents/GitHub/Orbz/MyProject2/Content/StarterContent/Textures/T_Ground_Grass_N.uasset"
[2015.12.07-21.01.14:680][  0]LogPackFactory: Copied "../../../Samples/StarterContent/Content/StarterContent/Textures/T_Ground_Gravel_D.uasset" to "../../../../../../Users/Nugget/Documents/GitHub/Orbz/MyProject2/Content/StarterContent/Textures/T_Ground_Gravel_D.uasset"
[2015.12.07-21.01.14:785][  0]LogPackFactory: Copied "../../../Samples/StarterContent/Content/StarterContent/Textures/T_Ground_Gravel_N.uasset" to "../../../../../../Users/Nugget/Documents/GitHub/Orbz/MyProject2/Content/StarterContent/Textures/T_Ground_Gravel_N.uasset"
[2015.12.07-21.01.15:785][  0]LogPackFactory: Copied "../../../Samples/StarterContent/Content/StarterContent/Textures/T_ground_Moss_D.uasset" to "../../../../../../Users/Nugget/Documents/GitHub/Orbz/MyProject2/Content/StarterContent/Textures/T_ground_Moss_D.uasset"
[2015.12.07-21.01.15:910][  0]LogPackFactory: Copied "../../../Samples/StarterContent/Content/StarterContent/Textures/T_Ground_Moss_N.uasset" to "../../../../../../Users/Nugget/Documents/GitHub/Orbz/MyProject2/Content/StarterContent/Textures/T_Ground_Moss_N.uasset"
[2015.12.07-21.01.15:931][  0]LogPackFactory: Copied "../../../Samples/StarterContent/Content/StarterContent/Textures/T_Lamp_M.uasset" to "../../../../../../Users/Nugget/Documents/GitHub/Orbz/MyProject2/Content/StarterContent/Textures/T_Lamp_M.uasset"
[2015.12.07-21.01.15:967][  0]LogPackFactory: Copied "../../../Samples/StarterContent/Content/StarterContent/Textures/T_Lamp_N.uasset" to "../../../../../../Users/Nugget/Documents/GitHub/Orbz/MyProject2/Content/StarterContent/Textures/T_Lamp_N.uasset"
[2015.12.07-21.01.16:130][  0]LogPackFactory: Copied "../../../Samples/StarterContent/Content/StarterContent/Textures/T_MacroVariation.uasset" to "../../../../../../Users/Nugget/Documents/GitHub/Orbz/MyProject2/Content/StarterContent/Textures/T_MacroVariation.uasset"
[2015.12.07-21.01.16:272][  0]LogPackFactory: Copied "../../../Samples/StarterContent/Content/StarterContent/Textures/T_Metal_Aluminum_D.uasset" to "../../../../../../Users/Nugget/Documents/GitHub/Orbz/MyProject2/Content/StarterContent/Textures/T_Metal_Aluminum_D.uasset"
[2015.12.07-21.01.17:334][  0]LogPackFactory: Copied "../../../Samples/StarterContent/Content/StarterContent/Textures/T_Metal_Copper_D.uasset" to "../../../../../../Users/Nugget/Documents/GitHub/Orbz/MyProject2/Content/StarterContent/Textures/T_Metal_Copper_D.uasset"
[2015.12.07-21.01.17:465][  0]LogPackFactory: Copied "../../../Samples/StarterContent/Content/StarterContent/Textures/T_Metal_Gold_D.uasset" to "../../../../../../Users/Nugget/Documents/GitHub/Orbz/MyProject2/Content/StarterContent/Textures/T_Metal_Gold_D.uasset"
[2015.12.07-21.01.17:523][  0]LogPackFactory: Copied "../../../Samples/StarterContent/Content/StarterContent/Textures/T_Metal_Gold_N.uasset" to "../../../../../../Users/Nugget/Documents/GitHub/Orbz/MyProject2/Content/StarterContent/Textures/T_Metal_Gold_N.uasset"
[2015.12.07-21.01.17:657][  0]LogPackFactory: Copied "../../../Samples/StarterContent/Content/StarterContent/Textures/T_Metal_Rust_D.uasset" to "../../../../../../Users/Nugget/Documents/GitHub/Orbz/MyProject2/Content/StarterContent/Textures/T_Metal_Rust_D.uasset"
[2015.12.07-21.01.18:909][  0]LogPackFactory: Copied "../../../Samples/StarterContent/Content/StarterContent/Textures/T_Metal_Rust_N.uasset" to "../../../../../../Users/Nugget/Documents/GitHub/Orbz/MyProject2/Content/StarterContent/Textures/T_Metal_Rust_N.uasset"
[2015.12.07-21.01.18:965][  0]LogPackFactory: Copied "../../../Samples/StarterContent/Content/StarterContent/Textures/T_Metal_Steel_D.uasset" to "../../../../../../Users/Nugget/Documents/GitHub/Orbz/MyProject2/Content/StarterContent/Textures/T_Metal_Steel_D.uasset"
[2015.12.07-21.01.19:042][  0]LogPackFactory: Copied "../../../Samples/StarterContent/Content/StarterContent/Textures/T_Metal_Steel_N.uasset" to "../../../../../../Users/Nugget/Documents/GitHub/Orbz/MyProject2/Content/StarterContent/Textures/T_Metal_Steel_N.uasset"
[2015.12.07-21.01.20:071][  0]LogPackFactory: Copied "../../../Samples/StarterContent/Content/StarterContent/Textures/T_Perlin_Noise_M.uasset" to "../../../../../../Users/Nugget/Documents/GitHub/Orbz/MyProject2/Content/StarterContent/Textures/T_Perlin_Noise_M.uasset"
[2015.12.07-21.01.20:119][  0]LogPackFactory: Copied "../../../Samples/StarterContent/Content/StarterContent/Textures/T_RockMesh_M.uasset" to "../../../../../../Users/Nugget/Documents/GitHub/Orbz/MyProject2/Content/StarterContent/Textures/T_RockMesh_M.uasset"
[2015.12.07-21.01.20:201][  0]LogPackFactory: Copied "../../../Samples/StarterContent/Content/StarterContent/Textures/T_RockMesh_N.uasset" to "../../../../../../Users/Nugget/Documents/GitHub/Orbz/MyProject2/Content/StarterContent/Textures/T_RockMesh_N.uasset"
[2015.12.07-21.01.20:347][  0]LogPackFactory: Copied "../../../Samples/StarterContent/Content/StarterContent/Textures/T_Rock_Basalt_D.uasset" to "../../../../../../Users/Nugget/Documents/GitHub/Orbz/MyProject2/Content/StarterContent/Textures/T_Rock_Basalt_D.uasset"
[2015.12.07-21.01.22:989][  0]LogPackFactory: Copied "../../../Samples/StarterContent/Content/StarterContent/Textures/T_Rock_Basalt_N.uasset" to "../../../../../../Users/Nugget/Documents/GitHub/Orbz/MyProject2/Content/StarterContent/Textures/T_Rock_Basalt_N.uasset"
[2015.12.07-21.01.24:344][  0]LogPackFactory: Copied "../../../Samples/StarterContent/Content/StarterContent/Textures/T_Rock_Marble_Polished_D.uasset" to "../../../../../../Users/Nugget/Documents/GitHub/Orbz/MyProject2/Content/StarterContent/Textures/T_Rock_Marble_Polished_D.uasset"
[2015.12.07-21.01.25:485][  0]LogPackFactory: Copied "../../../Samples/StarterContent/Content/StarterContent/Textures/T_Rock_Sandstone_D.uasset" to "../../../../../../Users/Nugget/Documents/GitHub/Orbz/MyProject2/Content/StarterContent/Textures/T_Rock_Sandstone_D.uasset"
[2015.12.07-21.01.25:606][  0]LogPackFactory: Copied "../../../Samples/StarterContent/Content/StarterContent/Textures/T_Rock_Sandstone_N.uasset" to "../../../../../../Users/Nugget/Documents/GitHub/Orbz/MyProject2/Content/StarterContent/Textures/T_Rock_Sandstone_N.uasset"
[2015.12.07-21.01.25:778][  0]LogPackFactory: Copied "../../../Samples/StarterContent/Content/StarterContent/Textures/T_Rock_Slate_D.uasset" to "../../../../../../Users/Nugget/Documents/GitHub/Orbz/MyProject2/Content/StarterContent/Textures/T_Rock_Slate_D.uasset"
[2015.12.07-21.01.26:623][  0]LogPackFactory: Copied "../../../Samples/StarterContent/Content/StarterContent/Textures/T_Rock_Slate_N.uasset" to "../../../../../../Users/Nugget/Documents/GitHub/Orbz/MyProject2/Content/StarterContent/Textures/T_Rock_Slate_N.uasset"
[2015.12.07-21.01.26:767][  0]LogPackFactory: Copied "../../../Samples/StarterContent/Content/StarterContent/Textures/T_Rock_Smooth_Granite_D.uasset" to "../../../../../../Users/Nugget/Documents/GitHub/Orbz/MyProject2/Content/StarterContent/Textures/T_Rock_Smooth_Granite_D.uasset"
[2015.12.07-21.01.26:821][  0]LogPackFactory: Copied "../../../Samples/StarterContent/Content/StarterContent/Textures/T_Shelf_M.uasset" to "../../../../../../Users/Nugget/Documents/GitHub/Orbz/MyProject2/Content/StarterContent/Textures/T_Shelf_M.uasset"
[2015.12.07-21.01.26:852][  0]LogPackFactory: Copied "../../../Samples/StarterContent/Content/StarterContent/Textures/T_Shelf_N.uasset" to "../../../../../../Users/Nugget/Documents/GitHub/Orbz/MyProject2/Content/StarterContent/Textures/T_Shelf_N.uasset"
[2015.12.07-21.01.26:880][  0]LogPackFactory: Copied "../../../Samples/StarterContent/Content/StarterContent/Textures/T_Single_Tile_N.uasset" to "../../../../../../Users/Nugget/Documents/GitHub/Orbz/MyProject2/Content/StarterContent/Textures/T_Single_Tile_N.uasset"
[2015.12.07-21.01.26:937][  0]LogPackFactory: Copied "../../../Samples/StarterContent/Content/StarterContent/Textures/T_Smoke_SubUV.uasset" to "../../../../../../Users/Nugget/Documents/GitHub/Orbz/MyProject2/Content/StarterContent/Textures/T_Smoke_SubUV.uasset"
[2015.12.07-21.01.26:958][  0]LogPackFactory: Copied "../../../Samples/StarterContent/Content/StarterContent/Textures/T_Smoke_Tiled_D.uasset" to "../../../../../../Users/Nugget/Documents/GitHub/Orbz/MyProject2/Content/StarterContent/Textures/T_Smoke_Tiled_D.uasset"
[2015.12.07-21.01.26:964][  0]LogPackFactory: Copied "../../../Samples/StarterContent/Content/StarterContent/Textures/T_Spark_Core.uasset" to "../../../../../../Users/Nugget/Documents/GitHub/Orbz/MyProject2/Content/StarterContent/Textures/T_Spark_Core.uasset"
[2015.12.07-21.01.26:979][  0]LogPackFactory: Copied "../../../Samples/StarterContent/Content/StarterContent/Textures/T_Statue_M.uasset" to "../../../../../../Users/Nugget/Documents/GitHub/Orbz/MyProject2/Content/StarterContent/Textures/T_Statue_M.uasset"
[2015.12.07-21.01.27:010][  0]LogPackFactory: Copied "../../../Samples/StarterContent/Content/StarterContent/Textures/T_Statue_N.uasset" to "../../../../../../Users/Nugget/Documents/GitHub/Orbz/MyProject2/Content/StarterContent/Textures/T_Statue_N.uasset"
[2015.12.07-21.01.27:039][  0]LogPackFactory: Copied "../../../Samples/StarterContent/Content/StarterContent/Textures/T_TableRound_M.uasset" to "../../../../../../Users/Nugget/Documents/GitHub/Orbz/MyProject2/Content/StarterContent/Textures/T_TableRound_M.uasset"
[2015.12.07-21.01.27:076][  0]LogPackFactory: Copied "../../../Samples/StarterContent/Content/StarterContent/Textures/T_TableRound_N.uasset" to "../../../../../../Users/Nugget/Documents/GitHub/Orbz/MyProject2/Content/StarterContent/Textures/T_TableRound_N.uasset"
[2015.12.07-21.01.27:100][  0]LogPackFactory: Copied "../../../Samples/StarterContent/Content/StarterContent/Textures/T_Tech_Dot_M.uasset" to "../../../../../../Users/Nugget/Documents/GitHub/Orbz/MyProject2/Content/StarterContent/Textures/T_Tech_Dot_M.uasset"
[2015.12.07-21.01.27:124][  0]LogPackFactory: Copied "../../../Samples/StarterContent/Content/StarterContent/Textures/T_Tech_Dot_N.uasset" to "../../../../../../Users/Nugget/Documents/GitHub/Orbz/MyProject2/Content/StarterContent/Textures/T_Tech_Dot_N.uasset"
[2015.12.07-21.01.27:149][  0]LogPackFactory: Copied "../../../Samples/StarterContent/Content/StarterContent/Textures/T_Tech_Hex_Tile_M.uasset" to "../../../../../../Users/Nugget/Documents/GitHub/Orbz/MyProject2/Content/StarterContent/Textures/T_Tech_Hex_Tile_M.uasset"
[2015.12.07-21.01.27:176][  0]LogPackFactory: Copied "../../../Samples/StarterContent/Content/StarterContent/Textures/T_Tech_Hex_Tile_N.uasset" to "../../../../../../Users/Nugget/Documents/GitHub/Orbz/MyProject2/Content/StarterContent/Textures/T_Tech_Hex_Tile_N.uasset"
[2015.12.07-21.01.27:855][  0]LogPackFactory: Copied "../../../Samples/StarterContent/Content/StarterContent/Textures/T_Tech_Panel_M.uasset" to "../../../../../../Users/Nugget/Documents/GitHub/Orbz/MyProject2/Content/StarterContent/Textures/T_Tech_Panel_M.uasset"
[2015.12.07-21.01.27:999][  0]LogPackFactory: Copied "../../../Samples/StarterContent/Content/StarterContent/Textures/T_Tech_Panel_N.uasset" to "../../../../../../Users/Nugget/Documents/GitHub/Orbz/MyProject2/Content/StarterContent/Textures/T_Tech_Panel_N.uasset"
[2015.12.07-21.01.28:037][  0]LogPackFactory: Copied "../../../Samples/StarterContent/Content/StarterContent/Textures/T_Water_M.uasset" to "../../../../../../Users/Nugget/Documents/GitHub/Orbz/MyProject2/Content/StarterContent/Textures/T_Water_M.uasset"
[2015.12.07-21.01.28:173][  0]LogPackFactory: Copied "../../../Samples/StarterContent/Content/StarterContent/Textures/T_Water_N.uasset" to "../../../../../../Users/Nugget/Documents/GitHub/Orbz/MyProject2/Content/StarterContent/Textures/T_Water_N.uasset"
[2015.12.07-21.01.28:306][  0]LogPackFactory: Copied "../../../Samples/StarterContent/Content/StarterContent/Textures/T_Wood_Floor_Walnut_D.uasset" to "../../../../../../Users/Nugget/Documents/GitHub/Orbz/MyProject2/Content/StarterContent/Textures/T_Wood_Floor_Walnut_D.uasset"
[2015.12.07-21.01.28:373][  0]LogPackFactory: Copied "../../../Samples/StarterContent/Content/StarterContent/Textures/T_Wood_Floor_Walnut_M.uasset" to "../../../../../../Users/Nugget/Documents/GitHub/Orbz/MyProject2/Content/StarterContent/Textures/T_Wood_Floor_Walnut_M.uasset"
[2015.12.07-21.01.28:444][  0]LogPackFactory: Copied "../../../Samples/StarterContent/Content/StarterContent/Textures/T_Wood_Floor_Walnut_N.uasset" to "../../../../../../Users/Nugget/Documents/GitHub/Orbz/MyProject2/Content/StarterContent/Textures/T_Wood_Floor_Walnut_N.uasset"
[2015.12.07-21.01.28:534][  0]LogPackFactory: Copied "../../../Samples/StarterContent/Content/StarterContent/Textures/T_Wood_Oak_D.uasset" to "../../../../../../Users/Nugget/Documents/GitHub/Orbz/MyProject2/Content/StarterContent/Textures/T_Wood_Oak_D.uasset"
[2015.12.07-21.01.29:536][  0]LogPackFactory: Copied "../../../Samples/StarterContent/Content/StarterContent/Textures/T_Wood_Oak_N.uasset" to "../../../../../../Users/Nugget/Documents/GitHub/Orbz/MyProject2/Content/StarterContent/Textures/T_Wood_Oak_N.uasset"
[2015.12.07-21.01.29:823][  0]LogPackFactory: Copied "../../../Samples/StarterContent/Content/StarterContent/Textures/T_Wood_Pine_D.uasset" to "../../../../../../Users/Nugget/Documents/GitHub/Orbz/MyProject2/Content/StarterContent/Textures/T_Wood_Pine_D.uasset"
[2015.12.07-21.01.29:881][  0]LogPackFactory: Copied "../../../Samples/StarterContent/Content/StarterContent/Textures/T_Wood_Pine_N.uasset" to "../../../../../../Users/Nugget/Documents/GitHub/Orbz/MyProject2/Content/StarterContent/Textures/T_Wood_Pine_N.uasset"
[2015.12.07-21.01.30:712][  0]LogPackFactory: Copied "../../../Samples/StarterContent/Content/StarterContent/Textures/T_Wood_Walnut_D.uasset" to "../../../../../../Users/Nugget/Documents/GitHub/Orbz/MyProject2/Content/StarterContent/Textures/T_Wood_Walnut_D.uasset"
[2015.12.07-21.01.30:949][  0]LogPackFactory: Copied "../../../Samples/StarterContent/Content/StarterContent/Textures/T_Wood_Walnut_N.uasset" to "../../../../../../Users/Nugget/Documents/GitHub/Orbz/MyProject2/Content/StarterContent/Textures/T_Wood_Walnut_N.uasset"
[2015.12.07-21.01.30:965][  0]LogMaterial: Missing cached shader map for material M_Basic_Floor, compiling. 
[2015.12.07-21.01.31:056][  0]LogStaticMesh: Building static mesh Floor_400x400...
[2015.12.07-21.01.31:058][  0]LogStaticMesh: Built static mesh [0.001789.2s] /Game/StarterContent/Architecture/Floor_400x400.Floor_400x400
[2015.12.07-21.01.31:536][  0]LogRenderer: Reallocating scene render targets to support 256x256 (Frame:2).
[2015.12.07-21.01.31:748][  0]LogSavePackage: Save=46.582928ms
[2015.12.07-21.01.31:748][  0]LogSavePackage: Moving '../../../../../../Users/Nugget/Documents/GitHub/Orbz/MyProject2/Saved/Floor_400x40048A417964E992C2E84F0BDBCBCE5B1AD.tmp' to '../../../../../../Users/Nugget/Documents/GitHub/Orbz/MyProject2/Content/StarterContent/Architecture/Floor_400x400.uasset'
[2015.12.07-21.01.31:761][  0]LogSavePackage: Total save time: 134.491220ms
[2015.12.07-21.01.31:761][  0]LogSavePackage:Display: Finished SavePackage ../../../../../../Users/Nugget/Documents/GitHub/Orbz/MyProject2/Content/StarterContent/Architecture/Floor_400x400.uasset
[2015.12.07-21.01.31:761][  0]LogFeaturePack:Warning: Inserted 1 feature packs
[2015.12.07-21.01.31:767][  0]Cmd: MAP LOAD FILE="../../../../../../Users/Nugget/Documents/GitHub/Orbz/MyProject2/Content/FirstPersonBP/Maps/FirstPersonExampleMap.umap" TEMPLATE=0 SHOWPROGRESS=1 FEATURELEVEL=3
[2015.12.07-21.01.31:768][  0]LightingResults: New page: Lighting Build
[2015.12.07-21.01.31:786][  0]MapCheck: New page: Map Check
[2015.12.07-21.01.31:786][  0]LightingResults: New page: Lighting Build
[2015.12.07-21.01.31:835][  0]LogParticles: Destroying 0 GPU particle simulations for FXSystem 0x0000005D3C7EEAC0
[2015.12.07-21.01.32:265][  0]LogLinker:Warning: Asset '../../../../../../Users/Nugget/Documents/GitHub/Orbz/MyProject2/Content/FirstPerson/Meshes/FirstPersonProjectileMesh.uasset' has been saved with empty engine version. The asset will be loaded but may be incompatible.
[2015.12.07-21.01.33:225][  0]LogTexture:Display: Building textures: HQ_Lightmap1_1 (AutoDXT)
[2015.12.07-21.01.34:357][  0]LogTexture:Display: Building textures: HQ_Lightmap1_2 (AutoDXT)
[2015.12.07-21.01.35:194][  0]LogTexture:Display: Building textures: HQ_Lightmap1_3 (AutoDXT)
[2015.12.07-21.01.35:890][  0]LogTexture:Display: Building textures: HQ_Lightmap1_4 (AutoDXT)
[2015.12.07-21.01.37:655][  0]LogTexture:Display: Building textures: HQ_Lightmap1_5 (AutoDXT)
[2015.12.07-21.01.40:655][  0]LogTexture:Display: Building textures: HQ_Lightmap1_6 (AutoDXT)
[2015.12.07-21.01.43:316][  0]LogTexture:Display: Building textures: HQ_Lightmap1_7 (AutoDXT)
[2015.12.07-21.01.45:022][  0]LogTexture:Display: Building textures: HQ_Lightmap1_8 (AutoDXT)
[2015.12.07-21.01.45:145][  0]LogTexture:Display: Building textures: LQ_Lightmap_1_1 (DXT1)
[2015.12.07-21.01.45:858][  0]LogTexture:Display: Building textures: LQ_Lightmap_1_2 (DXT1)
[2015.12.07-21.01.46:750][  0]LogTexture:Display: Building textures: LQ_Lightmap_1_3 (DXT1)
[2015.12.07-21.01.47:624][  0]LogTexture:Display: Building textures: LQ_Lightmap_1_4 (DXT1)
[2015.12.07-21.01.48:491][  0]LogTexture:Display: Building textures: LQ_Lightmap_1_5 (DXT1)
[2015.12.07-21.01.49:655][  0]LogTexture:Display: Building textures: LQ_Lightmap_1_6 (DXT1)
[2015.12.07-21.01.50:734][  0]LogTexture:Display: Building textures: LQ_Lightmap_1_7 (DXT1)
[2015.12.07-21.01.51:511][  0]LogTexture:Display: Building textures: LQ_Lightmap_1_8 (DXT1)
[2015.12.07-21.01.51:529][  0]LogTexture:Display: Building textures: SkyOcclusion0_8 (AutoDXT)
[2015.12.07-21.01.51:600][  0]LogTexture:Display: Building textures: SkyOcclusion1_1 (AutoDXT)
[2015.12.07-21.01.52:415][  0]LogTexture:Display: Building textures: SkyOcclusion1_2 (AutoDXT)
[2015.12.07-21.01.53:215][  0]LogTexture:Display: Building textures: SkyOcclusion1_3 (AutoDXT)
[2015.12.07-21.01.53:908][  0]LogTexture:Display: Building textures: SkyOcclusion1_4 (AutoDXT)
[2015.12.07-21.01.54:662][  0]LogTexture:Display: Building textures: SkyOcclusion1_5 (AutoDXT)
[2015.12.07-21.01.55:634][  0]LogTexture:Display: Building textures: SkyOcclusion1_6 (AutoDXT)
[2015.12.07-21.01.56:675][  0]LogTexture:Display: Building textures: SkyOcclusion1_7 (AutoDXT)
[2015.12.07-21.01.57:587][  0]LogTexture:Display: Building textures: ShadowMapTexture2D_10 (G8)
[2015.12.07-21.01.57:871][  0]LogTexture:Display: Building textures: ShadowMapTexture2D_11 (G8)
[2015.12.07-21.01.58:158][  0]LogTexture:Display: Building textures: ShadowMapTexture2D_12 (G8)
[2015.12.07-21.01.58:440][  0]LogTexture:Display: Building textures: ShadowMapTexture2D_13 (G8)
[2015.12.07-21.01.58:722][  0]LogTexture:Display: Building textures: ShadowMapTexture2D_14 (G8)
[2015.12.07-21.01.58:996][  0]LogTexture:Display: Building textures: ShadowMapTexture2D_15 (G8)
[2015.12.07-21.01.59:021][  0]LogTexture:Display: Building textures: ShadowMapTexture2D_7 (G8)
[2015.12.07-21.01.59:316][  0]LogTexture:Display: Building textures: ShadowMapTexture2D_9 (G8)
[2015.12.07-21.01.59:719][  0]LogAudioDerivedData:Display: Building compressed audio format OGG wave FirstPersonTemplateWeaponFire02...
[2015.12.07-21.02.00:729][  0]LogTexture:Display: Building textures: T_ML_Rubber_Blue_01_D (AutoDXT)
[2015.12.07-21.02.14:916][  0]LogTexture:Display: Building textures: T_ML_Rubber_Blue_01_N (BC5)
[2015.12.07-21.02.17:105][  0]LogTexture:Display: Building textures: T_ML_Aluminum01 (AutoDXT)
[2015.12.07-21.02.32:225][  0]LogTexture:Display: Building textures: T_ML_Aluminum01_N (BC5)
[2015.12.07-21.02.34:027][  0]LogMaterial: Missing cached shader map for material M_UE4Man_Body, compiling. 
[2015.12.07-21.02.34:796][  0]LogTexture:Display: Building textures: T_ML_Aluminum01 (AutoDXT)
[2015.12.07-21.02.42:937][  0]LogTexture:Display: Building textures: T_ML_Aluminum01_N (BC5)
[2015.12.07-21.02.43:954][  0]LogTexture:Display: Building textures: T_ML_Rubber_Blue_01_D (AutoDXT)
[2015.12.07-21.02.56:400][  0]LogTexture:Display: Building textures: T_ML_Rubber_Blue_01_N (BC5)
[2015.12.07-21.02.58:515][  0]LogTexture:Display: Building textures: T_FPGun_N (BC5)
[2015.12.07-21.03.00:488][  0]LogTexture:Display: Building textures: T_FPGun_M (AutoDXT)
[2015.12.07-21.03.03:111][  0]LogMaterial: Missing cached shader map for material M_FPGun, compiling. 
[2015.12.07-21.03.03:201][  0]LogMaterial: Missing cached shader map for material BaseMaterial, compiling. 
[2015.12.07-21.03.03:595][  0]LogAIModule: Creating AISystem for world FirstPersonExampleMap
[2015.12.07-21.03.03:789][  0]LogEditorServer: Finished looking for orphan Actors (0.000 secs)
[2015.12.07-21.03.03:790][  0]Cmd: MAP CHECKDEP NOCLEARLOG
[2015.12.07-21.03.04:120][  0]MapCheck: Info Map check complete: 0 Error(s), 0 Warning(s), took 328.734ms to complete.
[2015.12.07-21.03.04:121][  0]LogFileHelpers: Loading map 'FirstPersonExampleMap' took 92.354
[2015.12.07-21.03.04:368][  0]LogCollectionManager: Loaded 0 collections in 0.016728 seconds
[2015.12.07-21.03.04:450][  0]LogFileCache: Scanning file cache for directory 'C:/Users/Nugget/Documents/GitHub/Orbz/MyProject2/Saved/Collections/' took 0.01s
[2015.12.07-21.03.04:450][  0]LogFileCache: Scanning file cache for directory 'C:/Users/Nugget/Documents/GitHub/Orbz/MyProject2/Content/Developers/Nugget/Collections/' took 0.01s
[2015.12.07-21.03.04:450][  0]LogFileCache: Scanning file cache for directory 'C:/Users/Nugget/Documents/GitHub/Orbz/MyProject2/Content/Collections/' took 0.01s
[2015.12.07-21.03.04:450][  0]LogCollectionManager: Rebuilt the GUID cache for 0 collections in 0.000005 seconds
[2015.12.07-21.03.04:478][  0]LogContentBrowser: Native class hierarchy populated in 0.0274 seconds. Added 1893 classes and 338 folders.
[2015.12.07-21.03.04:507][  0]LogContentBrowser: Native class hierarchy updated for 'WidgetCarousel' in 0.0013 seconds. Added 0 classes and 0 folders.
[2015.12.07-21.03.04:699][  0]LogContentBrowser: Native class hierarchy updated for 'AddContentDialog' in 0.0013 seconds. Added 0 classes and 0 folders.
[2015.12.07-21.03.04:715][  0]LogContentBrowser: Native class hierarchy updated for 'SceneOutliner' in 0.0012 seconds. Added 1 classes and 2 folders.
[2015.12.07-21.03.04:779][  0]LogCrashTracker: Crashtracker disabled due to settings.
[2015.12.07-21.03.04:789][  0]LogUObjectGlobals:Warning: Failed to find object 'Class None.'
[2015.12.07-21.03.04:814][  0]LogLoad: Full Startup: 178.77 seconds (BP compile: 0.35 seconds)
[2015.12.07-21.03.04:842][  0]LogOcInput: Can't find Oculus library dev build: is proper Runtime installed? Version: 0.8.0.0
[2015.12.07-21.03.05:348][  0]LogContentStreaming: Texture pool size now 400 MB
[2015.12.07-21.03.05:602][  0]LogRenderer: Reallocating scene render targets to support 856x396 (Frame:3).
[2015.12.07-21.03.06:277][  9]LogAssetRegistry: Asset discovery search completed in 167.5777 seconds
[2015.12.07-21.03.06:277][  9]LogCollectionManager: Rebuilt the object cache for 0 collections in 0.000001 seconds (found 0 objects)
[2015.12.07-21.03.06:277][  9]LogCollectionManager: Fixed up redirectors for 0 collections in 0.000040 seconds (updated 0 objects)
[2015.12.07-21.09.44:117][868]LogSavePackage: Save=5813.305176ms
[2015.12.07-21.09.44:117][868]LogSavePackage: Moving '../../../../../../Users/Nugget/Documents/GitHub/Orbz/MyProject2/Saved/FirstPersonExampleMap9B939BB9463A4E90A013C6A82D48D5EA.tmp' to '../../../../../../Users/Nugget/Documents/GitHub/Orbz/MyProject2/Content/FirstPersonBP/Maps/FirstPersonExampleMap.umap'
[2015.12.07-21.09.44:127][868]LogSavePackage: Total save time: 5869.524870ms
[2015.12.07-21.09.44:127][868]LogSavePackage:Display: Finished SavePackage ../../../../../../Users/Nugget/Documents/GitHub/Orbz/MyProject2/Content/FirstPersonBP/Maps/FirstPersonExampleMap.umap
[2015.12.07-21.09.47:486][ 70]LogBlueprintUserMessages: Early PlayInEditor Detection: Level '/Game/FirstPersonBP/Maps/FirstPersonExampleMap.FirstPersonExampleMap:PersistentLevel' has LevelScriptBlueprint '/Game/FirstPersonBP/Maps/FirstPersonExampleMap.FirstPersonExampleMap:PersistentLevel.FirstPersonExampleMap' with GeneratedClass '/Game/FirstPersonBP/Maps/FirstPersonExampleMap.FirstPersonExampleMap_C' with ClassGeneratedBy '/Game/FirstPersonBP/Maps/FirstPersonExampleMap.FirstPersonExampleMap:PersistentLevel.FirstPersonExampleMap'
[2015.12.07-21.09.47:486][ 70]LogPlayLevel: PlayLevel: No blueprints needed recompiling
[2015.12.07-21.09.47:487][ 70]PIE: New page: PIE session: FirstPersonExampleMap (Dec 7, 2015, 11:09:47 PM)
[2015.12.07-21.09.47:487][ 70]LogPlayLevel: Creating play world package: /Game/FirstPersonBP/Maps/UEDPIE_0_FirstPersonExampleMap
[2015.12.07-21.09.47:553][ 70]LogPlayLevel: PIE: StaticDuplicateObject took: (0.065184s)
[2015.12.07-21.09.47:554][ 70]LogAIModule: Creating AISystem for world FirstPersonExampleMap
[2015.12.07-21.09.47:555][ 70]LogPlayLevel: PIE: World Init took: (0.002228s)
[2015.12.07-21.09.47:555][ 70]LogPlayLevel: PIE: Created PIE world by copying editor world from /Game/FirstPersonBP/Maps/FirstPersonExampleMap.FirstPersonExampleMap to /Game/FirstPersonBP/Maps/UEDPIE_0_FirstPersonExampleMap.FirstPersonExampleMap (0.068036s)
[2015.12.07-21.09.47:610][ 70]LogInit: XAudio2 using 'Haut-parleurs (IDT High Definition Audio CODEC)' : 2 channels at 44.1 kHz using 16 bits per sample (channel mask 0x3)
[2015.12.07-21.09.47:930][ 70]LogInit: FAudioDevice initialized.
[2015.12.07-21.09.48:030][ 70]LogLinker:Warning: Asset '../../../../../../Users/Nugget/Documents/GitHub/Orbz/MyProject2/Content/FirstPersonBP/Blueprints/FirstPersonHUD.uasset' has been saved with empty engine version. The asset will be loaded but may be incompatible.
[2015.12.07-21.09.48:112][ 70]LogTexture:Display: Building textures: FirstPersonCrosshair (AutoDXT)
[2015.12.07-21.09.48:116][ 70]LogWorld: Game class is 'FirstPersonGameMode_C'
[2015.12.07-21.09.48:138][ 70]LogWorld: Bringing World /Game/FirstPersonBP/Maps/UEDPIE_0_FirstPersonExampleMap.FirstPersonExampleMap up for play (max tick rate 0) at 2015.12.07-22.09.48
[2015.12.07-21.09.48:138][ 70]LogActor:Warning: GameSession /Game/FirstPersonBP/Maps/UEDPIE_0_FirstPersonExampleMap.FirstPersonExampleMap:PersistentLevel.GameSession_0 has natively added scene component(s), but none of them were set as the actor's RootComponent - picking one arbitrarily
[2015.12.07-21.09.48:139][ 70]LogActor:Warning: GameNetworkManager /Game/FirstPersonBP/Maps/UEDPIE_0_FirstPersonExampleMap.FirstPersonExampleMap:PersistentLevel.GameNetworkManager_0 has natively added scene component(s), but none of them were set as the actor's RootComponent - picking one arbitrarily
[2015.12.07-21.09.48:140][ 70]LogWorld: Bringing up level for play took: 0.019976
[2015.12.07-21.09.48:159][ 70]PIE: Info Play in editor start time for /Game/FirstPersonBP/Maps/UEDPIE_0_FirstPersonExampleMap 1.515
[2015.12.07-21.09.48:159][ 70]LogBlueprintUserMessages: Late PlayInEditor Detection: Level '/Game/FirstPersonBP/Maps/FirstPersonExampleMap.FirstPersonExampleMap:PersistentLevel' has LevelScriptBlueprint '/Game/FirstPersonBP/Maps/FirstPersonExampleMap.FirstPersonExampleMap:PersistentLevel.FirstPersonExampleMap' with GeneratedClass '/Game/FirstPersonBP/Maps/FirstPersonExampleMap.FirstPersonExampleMap_C' with ClassGeneratedBy '/Game/FirstPersonBP/Maps/FirstPersonExampleMap.FirstPersonExampleMap:PersistentLevel.FirstPersonExampleMap'
[2015.12.07-21.10.22:527][225]LogBlueprintUserMessages: Early EndPlayMap Detection: Level '/Game/FirstPersonBP/Maps/FirstPersonExampleMap.FirstPersonExampleMap:PersistentLevel' has LevelScriptBlueprint '/Game/FirstPersonBP/Maps/FirstPersonExampleMap.FirstPersonExampleMap:PersistentLevel.FirstPersonExampleMap' with GeneratedClass '/Game/FirstPersonBP/Maps/FirstPersonExampleMap.FirstPersonExampleMap_C' with ClassGeneratedBy '/Game/FirstPersonBP/Maps/FirstPersonExampleMap.FirstPersonExampleMap:PersistentLevel.FirstPersonExampleMap'
[2015.12.07-21.10.22:583][225]LogBlueprintUserMessages: Late EndPlayMap Detection: Level '/Game/FirstPersonBP/Maps/FirstPersonExampleMap.FirstPersonExampleMap:PersistentLevel' has LevelScriptBlueprint '/Game/FirstPersonBP/Maps/FirstPersonExampleMap.FirstPersonExampleMap:PersistentLevel.FirstPersonExampleMap' with GeneratedClass '/Game/FirstPersonBP/Maps/FirstPersonExampleMap.FirstPersonExampleMap_C' with ClassGeneratedBy '/Game/FirstPersonBP/Maps/FirstPersonExampleMap.FirstPersonExampleMap:PersistentLevel.FirstPersonExampleMap'
[2015.12.07-21.10