[2015.12.07-23.09.43:504][  0]Log file open, 12/08/15 00:09:43
[2015.12.07-23.09.43:504][  0]LogInit:Display: Running engine for game: ORBZ
[2015.12.07-23.09.43:504][  0]LogPlatformFile: Not using cached read wrapper
[2015.12.07-23.09.43:504][  0]LogInit:Display: RandInit(1676912243) SRandInit(1676912247).
[2015.12.07-23.09.43:504][  0]LogTaskGraph: Started task graph with 4 named threads and 7 total threads.
[2015.12.07-23.09.43:504][  0]LogStats: Stats thread started at 0.167734
[2015.12.07-23.09.43:504][  0]LogInit: Version: 4.10.0-2758231+++depot+UE4-Releases+4.10
[2015.12.07-23.09.43:504][  0]LogInit: API Version: 2758231
[2015.12.07-23.09.43:504][  0]LogInit: Compiled (64-bit): Nov  7 2015 05:13:45
[2015.12.07-23.09.43:504][  0]LogInit: Compiled with Visual C++: 19.00.23026.00
[2015.12.07-23.09.43:504][  0]LogInit: Build Configuration: Development
[2015.12.07-23.09.43:504][  0]LogInit: Branch Name: ++depot+UE4-Releases+4.10
[2015.12.07-23.09.43:504][  0]LogInit: Command line: 
[2015.12.07-23.09.43:504][  0]LogInit: Base directory: C:/Program Files (x86)/Epic Games/4.10/Engine/Binaries/Win64/
[2015.12.07-23.09.43:504][  0]LogInit: Rocket: 1
[2015.12.07-23.09.43:520][  0]LogInit: Using libcurl 7.41.0
[2015.12.07-23.09.43:520][  0]LogInit:  - built for x86_64-pc-win32
[2015.12.07-23.09.43:520][  0]LogInit:  - supports SSL with WinSSL
[2015.12.07-23.09.43:520][  0]LogInit:  - other features:
[2015.12.07-23.09.43:520][  0]LogInit:      CURL_VERSION_SSL
[2015.12.07-23.09.43:520][  0]LogInit:      CURL_VERSION_IPV6
[2015.12.07-23.09.43:520][  0]LogInit:      CURL_VERSION_ASYNCHDNS
[2015.12.07-23.09.43:521][  0]LogInit:      CURL_VERSION_LARGEFILE
[2015.12.07-23.09.43:521][  0]LogInit:      CURL_VERSION_IDN
[2015.12.07-23.09.43:521][  0]LogInit:  CurlRequestOptions (configurable via config and command line):
[2015.12.07-23.09.43:521][  0]LogInit:  - bVerifyPeer = true  - Libcurl will verify peer certificate
[2015.12.07-23.09.43:521][  0]LogInit:  - bUseHttpProxy = false  - Libcurl will NOT use HTTP proxy
[2015.12.07-23.09.43:521][  0]LogInit:  - bDontReuseConnections = false  - Libcurl will reuse connections
[2015.12.07-23.09.43:521][  0]LogInit:  - CertBundlePath = nullptr  - Libcurl will use whatever was configured at build time.
[2015.12.07-23.09.43:538][  0]LogInit: Presizing for 0 objects not considered by GC, pre-allocating 0 bytes.
[2015.12.07-23.09.43:555][  0]LogInit: Object subsystem initialized
[2015.12.07-23.09.43:557][  0]LogInit: Selected Device Profile: [Windows]
[2015.12.07-23.09.43:557][  0]LogInit: Applying CVar settings loaded from the selected device profile: [Windows]
[2015.12.07-23.09.43:579][  0]LogInit: Computer: BUD
[2015.12.07-23.09.43:580][  0]LogInit: User: Nugget
[2015.12.07-23.09.43:580][  0]LogInit: CPU Page size=4096, Cores=4
[2015.12.07-23.09.43:580][  0]LogInit: High frequency timer resolution =2.338346 MHz
[2015.12.07-23.09.43:580][  0]LogMemory: Memory total: Physical=7.9GB (8GB approx)
[2015.12.07-23.09.43:580][  0]LogMemory: Platform Memory Stats for Windows
[2015.12.07-23.09.43:580][  0]LogMemory: Process Physical Memory: 56.40 MB used, 56.40 MB peak
[2015.12.07-23.09.43:580][  0]LogMemory: Process Virtual Memory: 57.03 MB used, 57.03 MB peak
[2015.12.07-23.09.43:580][  0]LogMemory: Physical Memory: 4050.93 MB used, 8103.95 MB total
[2015.12.07-23.09.43:580][  0]LogMemory: Virtual Memory: 379.98 MB used, 134217728.00 MB total
[2015.12.07-23.09.43:687][  0]LogTextLocalizationManager: No translations for ('fr-FR') exist, falling back to 'en' for localization and internationalization data.
[2015.12.07-23.09.44:783][  0]LogD3D11RHI: Found D3D11 adapter 0: NVIDIA GeForce GT 740M                   (Feature Level 11_0)
[2015.12.07-23.09.44:783][  0]LogD3D11RHI: Adapter has 1997MB of dedicated video memory, 0MB of dedicated system memory, and 4051MB of shared system memory, 1 output[s]
[2015.12.07-23.09.44:796][  0]LogD3D11RHI: Found D3D11 adapter 1: Intel(R) HD Graphics 4600 (Feature Level 11_0)
[2015.12.07-23.09.44:796][  0]LogD3D11RHI: Adapter has 112MB of dedicated video memory, 0MB of dedicated system memory, and 4051MB of shared system memory, 0 output[s]
[2015.12.07-23.09.44:800][  0]LogD3D11RHI: Found D3D11 adapter 2: Microsoft Basic Render Driver (Feature Level 11_0)
[2015.12.07-23.09.44:800][  0]LogD3D11RHI: Adapter has 0MB of dedicated video memory, 0MB of dedicated system memory, and 4051MB of shared system memory, 0 output[s]
[2015.12.07-23.09.44:800][  0]LogD3D11RHI: Chosen D3D11 Adapter Id = 0
[2015.12.07-23.09.44:809][  0]LogD3D11RHI: !Direct3DDevice
[2015.12.07-23.09.44:810][  0]LogRHI: Texture pool is 1361 MB (70% of 1945 MB)
[2015.12.07-23.09.44:843][  0]LogD3D11RHI: Async texture creation enabled
[2015.12.07-23.09.44:862][  0]LogShaderCompilers: Guid format shader working directory is -10 characters bigger than the processId version (../../../../../../Users/Nugget/Documents/GitHub/Orbz/Orbz/Intermediate/Shaders/WorkingDirectory/9936/).
[2015.12.07-23.09.44:863][  0]LogShaderCompilers: Cleaned the shader compiler working directory 'C:/Users/Nugget/AppData/Local/Temp/UnrealShaderWorkingDir/1CEA7B8247FF96ACAA3CFB8923CE11F7/'.
[2015.12.07-23.09.44:863][  0]LogShaderCompilers:Display: Using Local Shader Compiler.
[2015.12.07-23.09.48:101][  0]LogTemp:Display: Loaded TP AllDesktopTargetPlatform
[2015.12.07-23.09.48:121][  0]LogTemp:Display: Loaded TP WindowsClientTargetPlatform
[2015.12.07-23.09.48:140][  0]LogTemp:Display: Loaded TP WindowsNoEditorTargetPlatform
[2015.12.07-23.09.48:159][  0]LogTemp:Display: Loaded TP WindowsServerTargetPlatform
[2015.12.07-23.09.48:178][  0]LogTemp:Display: Loaded TP WindowsTargetPlatform
[2015.12.07-23.09.48:191][  0]LogTemp:Display: Loaded TP AndroidTargetPlatform
[2015.12.07-23.09.48:205][  0]LogTemp:Display: Loaded TP Android_ASTCTargetPlatform
[2015.12.07-23.09.48:219][  0]LogTemp:Display: Loaded TP Android_ATCTargetPlatform
[2015.12.07-23.09.48:233][  0]LogTemp:Display: Loaded TP Android_DXTTargetPlatform
[2015.12.07-23.09.48:247][  0]LogTemp:Display: Loaded TP Android_ETC1TargetPlatform
[2015.12.07-23.09.48:261][  0]LogTemp:Display: Loaded TP Android_ETC2TargetPlatform
[2015.12.07-23.09.48:290][  0]LogTemp:Display: Loaded TP Android_MultiTargetPlatform
[2015.12.07-23.09.48:290][  0]LogTemp:Display: Loaded TP Android_PVRTCTargetPlatform
[2015.12.07-23.09.48:294][  0]LogTemp:Display: Loaded TP HTML5TargetPlatform
[2015.12.07-23.09.48:329][  0]LogTemp:Display: Loaded TP IOSTargetPlatform
[2015.12.07-23.09.48:341][  0]LogTemp:Display: Loaded TP LinuxNoEditorTargetPlatform
[2015.12.07-23.09.48:354][  0]LogTemp:Display: Loaded TP LinuxServerTargetPlatform
[2015.12.07-23.09.48:367][  0]LogTemp:Display: Loaded TP LinuxTargetPlatform
[2015.12.07-23.09.48:367][  0]LogTargetPlatformManager:Display: Building Assets For Windows
[2015.12.07-23.09.48:709][  0]LogDerivedDataCache:Display: Max Cache Size: 512 MB
[2015.12.07-23.09.48:860][  0]LogDerivedDataCache: Loaded boot cache 0.15s 41MB C:/Users/Nugget/AppData/Local/UnrealEngine/4.10/DerivedDataCache/Boot.ddc.
[2015.12.07-23.09.48:860][  0]LogDerivedDataCache:Display: Loaded Boot cache: C:/Users/Nugget/AppData/Local/UnrealEngine/4.10/DerivedDataCache/Boot.ddc
[2015.12.07-23.09.48:860][  0]LogDerivedDataCache: FDerivedDataBackendGraph:  Pak pak cache file ../../../../../../Users/Nugget/Documents/GitHub/Orbz/Orbz/DerivedDataCache/DDC.ddp not found, will not use a pak cache.
[2015.12.07-23.09.48:860][  0]LogDerivedDataCache: Unable to find inner node Pak for hierarchical cache Hierarchy.
[2015.12.07-23.09.48:860][  0]LogDerivedDataCache: FDerivedDataBackendGraph:  CompressedPak pak cache file ../../../../../../Users/Nugget/Documents/GitHub/Orbz/Orbz/DerivedDataCache/Compressed.ddp not found, will not use a pak cache.
[2015.12.07-23.09.48:860][  0]LogDerivedDataCache: Unable to find inner node CompressedPak for hierarchical cache Hierarchy.
[2015.12.07-23.09.48:861][  0]LogDerivedDataCache: FDerivedDataBackendGraph:  EnginePak pak cache file ../../../Engine/DerivedDataCache/Compressed.ddp not found, will not use a pak cache.
[2015.12.07-23.09.48:861][  0]LogDerivedDataCache: Unable to find inner node EnginePak for hierarchical cache Hierarchy.
[2015.12.07-23.09.48:875][  0]LogDerivedDataCache: Using Local data cache path C:/Users/Nugget/AppData/Local/UnrealEngine/Common/DerivedDataCache: Writable
[2015.12.07-23.09.49:522][  0]LogInit: Selected Device Profile: [Windows]
[2015.12.07-23.09.49:529][  0]LogContentStreaming: Texture pool size is 0.000000MB
[2015.12.07-23.09.49:871][  0]LogMeshUtilities: No automatic mesh reduction module available
[2015.12.07-23.09.49:871][  0]LogMeshUtilities: No automatic mesh merging module available
[2015.12.07-23.09.50:613][  0]LogInit: WinSock: version 1.1 (2.2), MaxSocks=32767, MaxUdp=65467
[2015.12.07-23.09.52:879][  0]UdpMessaging: Initializing bridge on interface 0.0.0.0:0 to multicast group 230.0.0.1:6666.
[2015.12.07-23.09.53:072][  0]LogAssetRegistry: FAssetRegistry took 0.0115 seconds to start up
[2015.12.07-23.09.53:642][  0]SourceControl: Info Source control is disabled
[2015.12.07-23.09.53:647][  0]SourceControl: Info Source control is disabled
[2015.12.07-23.09.53:694][  0]SourceControl: Info Source control is disabled
[2015.12.07-23.09.53:740][  0]SourceControl: Info Source control is disabled
[2015.12.07-23.09.54:664][  0]LogObj: 28633 objects as part of root set at end of initial load.
[2015.12.07-23.09.54:664][  0]LogUObjectAllocator: 6099752 out of 0 bytes used by permanent object pool.
[2015.12.07-23.09.54:837][  0]LogEngine: Initializing Engine...
[2015.12.07-23.09.54:855][  0]LogHMD: Can't find Oculus library dev build: is proper Runtime installed? Version: 0.8.0.0
[2015.12.07-23.09.54:873][  0]LogHMD: SteamVR failed to initialize.  Err: 108
[2015.12.07-23.09.55:314][  0]LogAIModule: Creating AISystem for world NewWorld
[2015.12.07-23.09.55:329][  0]LogInit: XAudio2 using 'Haut-parleurs (IDT High Definition Audio CODEC)' : 2 channels at 44.1 kHz using 16 bits per sample (channel mask 0x3)
[2015.12.07-23.09.55:726][  0]LogInit: FAudioDevice initialized.
[2015.12.07-23.09.55:786][  0]LogDerivedDataCache: Saved boot cache 0.06s 41MB C:/Users/Nugget/AppData/Local/UnrealEngine/4.10/DerivedDataCache/Boot.ddc.
[2015.12.07-23.09.55:795][  0]LogInit: Texture streaming: Enabled
[2015.12.07-23.09.55:816][  0]LogAnalytics: Creating configured Analytics provider AnalyticsET
[2015.12.07-23.09.55:816][  0]LogAnalytics: [UEEditor.Rocket.Release] APIServer = http://et2.epicgames.com/ET2/. AppVersion = 4.10.0-2758231+++depot+UE4-Releases+4.10
[2015.12.07-23.09.55:817][  0]LogAnalytics: [UEEditor.Rocket.Release] SetUserId 76aeb337481575e91c2acbb2077d65bd|4cefb85f748c4a0e8176a8c76d7f05bf|68b1234c-683a-42b5-9662-8a3716a38113
[2015.12.07-23.09.55:817][  0]LogAnalytics: [UEEditor.Rocket.Release] AnalyticsET::StartSession
[2015.12.07-23.09.55:859][  0]LogWindowsTextInputMethodSystem:Display: IME system now deactivated.
[2015.12.07-23.09.55:937][  0]LogInit: Transaction tracking system initialized
[2015.12.07-23.09.56:048][  0]BlueprintLog: New page: Editor Load
[2015.12.07-23.09.56:385][  0]LocalizationService: Info Localization service is disabled
[2015.12.07-23.09.56:606][  0]LogLinker:Warning: Can't find file '/Game/TopDownBP/TopDownOverview'
[2015.12.07-23.09.56:607][  0]LogLinker:Warning: Can't find file '/Game/TopDownBP/TopDownOverview'
[2015.12.07-23.09.56:607][  0]LogUObjectGlobals:Warning: Failed to find object 'Class /Game/TopDownBP/TopDownOverview.TopDownOverview_C'
[2015.12.07-23.09.57:200][  0]LogConsoleResponse:Display: 
[2015.12.07-23.09.57:599][  0]LogCook:Display: Done creating registry. It took  0.00s.
[2015.12.07-23.09.57:875][  0]LogFileCache: Scanning file cache for directory 'C:/Users/Nugget/Documents/GitHub/Orbz/Orbz/Content/' took 0.03s
[2015.12.07-23.09.57:875][  0]SourceControl: Info Source control is disabled
[2015.12.07-23.09.57:875][  0]Cmd: MAP LOAD FILE="../../../../../../Users/Nugget/Documents/GitHub/Orbz/Orbz/Content/FirstPersonBP/Maps/FirstPersonExampleMap.umap" TEMPLATE=0 SHOWPROGRESS=1 FEATURELEVEL=3
[2015.12.07-23.09.57:877][  0]LightingResults: New page: Lighting Build
[2015.12.07-23.09.57:893][  0]MapCheck: New page: Map Check
[2015.12.07-23.09.57:893][  0]LightingResults: New page: Lighting Build
[2015.12.07-23.09.57:941][  0]LogParticles: Destroying 0 GPU particle simulations for FXSystem 0x000000ED66EC9080
[2015.12.07-23.09.58:413][  0]LogLinker:Warning: Asset '../../../../../../Users/Nugget/Documents/GitHub/Orbz/Orbz/Content/FirstPerson/Meshes/FirstPersonProjectileMesh.uasset' has been saved with empty engine version. The asset will be loaded but may be incompatible.
[2015.12.07-23.09.59:858][  0]LogAIModule: Creating AISystem for world FirstPersonExampleMap
[2015.12.07-23.09.59:888][  0]LogEditorServer: Finished looking for orphan Actors (0.000 secs)
[2015.12.07-23.09.59:889][  0]Cmd: MAP CHECKDEP NOCLEARLOG
[2015.12.07-23.10.00:120][  0]MapCheck: Info Map check complete: 0 Error(s), 0 Warning(s), took 231.11ms to complete.
[2015.12.07-23.10.00:120][  0]LogFileHelpers: Loading map 'FirstPersonExampleMap' took 2.245
[2015.12.07-23.10.00:341][  0]LogCollectionManager: Loaded 0 collections in 0.006963 seconds
[2015.12.07-23.10.00:396][  0]LogFileCache: Scanning file cache for directory 'C:/Users/Nugget/Documents/GitHub/Orbz/Orbz/Saved/Collections/' took 0.01s
[2015.12.07-23.10.00:396][  0]LogFileCache: Scanning file cache for directory 'C:/Users/Nugget/Documents/GitHub/Orbz/Orbz/Content/Developers/Nugget/Collections/' took 0.01s
[2015.12.07-23.10.00:396][  0]LogFileCache: Scanning file cache for directory 'C:/Users/Nugget/Documents/GitHub/Orbz/Orbz/Content/Collections/' took 0.01s
[2015.12.07-23.10.00:396][  0]LogCollectionManager: Rebuilt the GUID cache for 0 collections in 0.000004 seconds
[2015.12.07-23.10.00:417][  0]LogContentBrowser: Native class hierarchy populated in 0.0210 seconds. Added 1893 classes and 338 folders.
[2015.12.07-23.10.00:437][  0]LogContentBrowser: Native class hierarchy updated for 'WidgetCarousel' in 0.0010 seconds. Added 0 classes and 0 folders.
[2015.12.07-23.10.00:588][  0]LogContentBrowser: Native class hierarchy updated for 'AddContentDialog' in 0.0010 seconds. Added 0 classes and 0 folders.
[2015.12.07-23.10.00:601][  0]LogContentBrowser: Native class hierarchy updated for 'SceneOutliner' in 0.0010 seconds. Added 1 classes and 2 folders.
[2015.12.07-23.10.00:669][  0]LogCrashTracker: Crashtracker disabled due to settings.
[2015.12.07-23.10.00:685][  0]LogUObjectGlobals:Warning: Failed to find object 'Class None.'
[2015.12.07-23.10.00:710][  0]LogLoad: Full Startup: 18.33 seconds (BP compile: 0.45 seconds)
[2015.12.07-23.10.00:738][  0]LogOcInput: Can't find Oculus library dev build: is proper Runtime installed? Version: 0.8.0.0
[2015.12.07-23.10.00:880][  0]LogContentStreaming: Texture pool size now 400 MB
[2015.12.07-23.10.01:392][  0]LogRenderer: Reallocating scene render targets to support 856x396 (Frame:2).
[2015.12.07-23.10.01:987][  7]LogAssetRegistry: Asset discovery search completed in 8.9266 seconds
[2015.12.07-23.10.01:988][  7]LogCollectionManager: Rebuilt the object cache for 0 collections in 0.000001 seconds (found 0 objects)
[2015.12.07-23.10.01:988][  7]LogCollectionManager: Fixed up redirectors for 0 collections in 0.000046 seconds (updated 0 objects)
[2015.12.07-23.11.40:905][692]LogBlueprintUserMessages: Early PlayInEditor Detection: Level '/Game/FirstPersonBP/Maps/FirstPersonExampleMap.FirstPersonExampleMap:PersistentLevel' has LevelScriptBlueprint '/Game/FirstPersonBP/Maps/FirstPersonExampleMap.FirstPersonExampleMap:PersistentLevel.FirstPersonExampleMap' with GeneratedClass '/Game/FirstPersonBP/Maps/FirstPersonExampleMap.FirstPersonExampleMap_C' with ClassGeneratedBy '/Game/FirstPersonBP/Maps/FirstPersonExampleMap.FirstPersonExampleMap:PersistentLevel.FirstPersonExampleMap'
[2015.12.07-23.11.40:906][692]LogPlayLevel: PlayLevel: No blueprints needed recompiling
[2015.12.07-23.11.40:907][692]PIE: New page: PIE session: FirstPersonExampleMap (Dec 8, 2015, 1:11:40 AM)
[2015.12.07-23.11.40:907][692]LogPlayLevel: Creating play world package: /Game/FirstPersonBP/Maps/UEDPIE_0_FirstPersonExampleMap
[2015.12.07-23.11.40:995][692]LogPlayLevel: PIE: StaticDuplicateObject took: (0.088357s)
[2015.12.07-23.11.40:999][692]LogAIModule: Creating AISystem for world FirstPersonExampleMap
[2015.12.07-23.11.41:000][692]LogPlayLevel: PIE: World Init took: (0.004151s)
[2015.12.07-23.11.41:000][692]LogPlayLevel: PIE: Created PIE world by copying editor world from /Game/FirstPersonBP/Maps/FirstPersonExampleMap.FirstPersonExampleMap to /Game/FirstPersonBP/Maps/UEDPIE_0_FirstPersonExampleMap.FirstPersonExampleMap (0.093405s)
[2015.12.07-23.11.41:103][692]LogInit: XAudio2 using 'Haut-parleurs (IDT High Definition Audio CODEC)' : 2 channels at 44.1 kHz using 16 bits per sample (channel mask 0x3)
[2015.12.07-23.11.41:437][692]LogInit: FAudioDevice initialized.
[2015.12.07-23.11.41:517][692]LogLinker:Warning: Asset '../../../../../../Users/Nugget/Documents/GitHub/Orbz/Orbz/Content/FirstPersonBP/Blueprints/FirstPersonHUD.uasset' has been saved with empty engine version. The asset will be loaded but may be incompatible.
[2015.12.07-23.11.41:593][692]LogWorld: Game class is 'FirstPersonGameMode_C'
[2015.12.07-23.11.41:615][692]LogWorld: Bringing World /Game/FirstPersonBP/Maps/UEDPIE_0_FirstPersonExampleMap.FirstPersonExampleMap up for play (max tick rate 0) at 2015.12.08-00.11.41
[2015.12.07-23.11.41:616][692]LogActor:Warning: GameSession /Game/FirstPersonBP/Maps/UEDPIE_0_FirstPersonExampleMap.FirstPersonExampleMap:PersistentLevel.GameSession_0 has natively added scene component(s), but none of them were set as the actor's RootComponent - picking one arbitrarily
[2015.12.07-23.11.41:616][692]LogActor:Warning: GameNetworkManager /Game/FirstPersonBP/Maps/UEDPIE_0_FirstPersonExampleMap.FirstPersonExampleMap:PersistentLevel.GameNetworkManager_0 has natively added scene component(s), but none of them were set as the actor's RootComponent - picking one arbitrarily
[2015.12.07-23.11.41:618][692]LogWorld: Bringing up level for play took: 0.019430
[2015.12.07-23.11.41:622][692]PIE: Info Play in editor start time for /Game/FirstPersonBP/Maps/UEDPIE_0_FirstPersonExampleMap 0.979
[2015.12.07-23.11.41:623][692]LogBlueprintUserMessages: Late PlayInEditor Detection: Level '/Game/FirstPersonBP/Maps/FirstPersonExampleMap.FirstPersonExampleMap:PersistentLevel' has LevelScriptBlueprint '/Game/FirstPersonBP/Maps/FirstPersonExampleMap.FirstPersonExampleMap:PersistentLevel.FirstPersonExampleMap' with GeneratedClass '/Game/FirstPersonBP/Maps/FirstPersonExampleMap.FirstPersonExampleMap_C' with ClassGeneratedBy '/Game/FirstPersonBP/Maps/FirstPersonExampleMap.FirstPersonExampleMap:PersistentLevel.FirstPersonExampleMap'
[2015.12.07-23.12.07:634][264]LogBlueprintUserMessages: Early EndPlayMap Detection: Level '/Game/FirstPersonBP/Maps/FirstPersonExampleMap.FirstPersonExampleMap:PersistentLevel' has LevelScriptBlueprint '/Game/FirstPersonBP/Maps/FirstPersonExampleMap.FirstPersonExampleMap:PersistentLevel.FirstPersonExampleMap' with GeneratedClass '/Game/FirstPersonBP/Maps/FirstPersonExampleMap.FirstPersonExampleMap_C' with ClassGeneratedBy '/Game/FirstPersonBP/Maps/FirstPersonExampleMap.FirstPersonExampleMap:PersistentLevel.FirstPersonExampleMap'
[2015.12.07-23.12.07:688][264]LogBlueprintUserMessages: Late EndPlayMap Detection: Level '/Game/FirstPersonBP/Maps/FirstPersonExampleMap.FirstPersonExampleMap:PersistentLevel' has LevelScriptBlueprint '/Game/FirstPersonBP/Maps/FirstPersonExampleMap.FirstPersonExampleMap:PersistentLevel.FirstPersonExampleMap' with GeneratedClass '/Game/FirstPersonBP/Maps/FirstPersonExampleMap.FirstPersonExampleMap_C' with ClassGeneratedBy '/Game/FirstPersonBP/Maps/FirstPersonExampleMap.FirstPersonExampleMap:PersistentLevel.FirstPersonExampleMap'
[2015.12.07-23.12.07:737][264]LogParticles: Destroying 0 GPU particle simulations for FXSystem 0x000000ED47F084A0
[2015.12.07-23.14.05:501][701]LogSavePackage: Save=7558.019531ms
[2015.12.07-23.14.05:501][701]LogSavePackage: Moving '../../../../../../Users/Nugget/Documents/GitHub/Orbz/Orbz/Saved/FirstPersonExampleMapC3938ADA4DA10595C96977990E3BAA92.tmp' to '../../../../../../Users/Nugget/Documents/GitHub/Orbz/Orbz/Content/FirstPersonBP/Maps/FirstPersonExampleMap.umap'
[2015.12.07-23.14.05:537][701]LogSavePackage: Total save time: 7653.806578ms
[2015.12.07-23.14.05:537][701]LogSavePackage:Display: Finished SavePackage ../../../../../../Users/Nugget/Documents/GitHub/Orbz/Orbz/Content/FirstPersonBP/Maps/FirstPersonExampleMap.umap
[2015.12.07-23.14.06:598][755]LogBlueprintUserMessages: Early PlayInEditor Detection: Level '/Game/FirstPersonBP/Maps/FirstPersonExampleMap.FirstPersonExampleMap:PersistentLevel' has LevelScriptBlueprint '/Game/FirstPersonBP/Maps/FirstPersonExampleMap.FirstPersonExampleMap:PersistentLevel.FirstPersonExampleMap' with GeneratedClass '/Game/FirstPersonBP/Maps/FirstPersonExampleMap.FirstPersonExampleMap_C' with ClassGeneratedBy '/Game/FirstPersonBP/Maps/FirstPersonExampleMap.FirstPersonExampleMap:PersistentLevel.FirstPersonExampleMap'
[2015.12.07-23.14.06:598][755]LogPlayLevel: PlayLevel: No blueprints needed recompiling
[2015.12.07-23.14.06:598][755]PIE: New page: PIE session: FirstPersonExampleMap (Dec 8, 2015, 1:14:06 AM)
[2015.12.07-23.14.06:598][755]LogPlayLevel: Creating play world package: /Game/FirstPersonBP/Maps/UEDPIE_0_FirstPersonExampleMap
[2015.12.07-23.14.06:664][755]LogPlayLevel: PIE: StaticDuplicateObject took: (0.065420s)
[2015.12.07-23.14.06:666][755]LogAIModule: Creating AISystem for world FirstPersonExampleMap
[2015.12.07-23.14.06:667][755]LogPlayLevel: PIE: World Init took: (0.002770s)
[2015.12.07-23.14.06:667][755]LogPlayLevel: PIE: Created PIE world by copying editor world from /Game/FirstPersonBP/Maps/FirstPersonExampleMap.FirstPersonExampleMap to /Game/FirstPersonBP/Maps/UEDPIE_0_FirstPersonExampleMap.FirstPersonExampleMap (0.068826s)
[2015.12.07-23.14.06:719][755]LogInit: XAudio2 using 'Haut-parleurs (IDT High Definition Audio CODEC)' : 2 channels at 44.1 kHz using 16 bits per sample (channel mask 0x3)
[2015.12.07-23.14.07:065][755]LogInit: FAudioDevice initialized.
[2015.12.07-23.14.07:127][755]LogWorld: Game class is 'FirstPersonGameMode_C'
[2015.12.07-23.14.07:150][755]LogWorld: Bringing World /Game/FirstPersonBP/Maps/UEDPIE_0_FirstPersonExampleMap.FirstPersonExampleMap up for play (max tick rate 0) at 2015.12.08-00.14.07
[2015.12.07-23.14.07:150][755]LogActor:Warning: GameSession /Game/FirstPersonBP/Maps/UEDPIE_0_FirstPersonExampleMap.FirstPersonExampleMap:PersistentLevel.GameSession_1 has natively added scene component(s), but none of them were set as the actor's RootComponent - picking one arbitrarily
[2015.12.07-23.14.07:151][755]LogActor:Warning: GameNetworkManager /Game/FirstPersonBP/Maps/UEDPIE_0_FirstPersonExampleMap.FirstPersonExampleMap:PersistentLevel.GameNetworkManager_1 has natively added scene component(s), but none of them were set as the actor's RootComponent - picking one arbitrarily
[2015.12.07-23.14.07:152][755]LogWorld: Bringing up level for play took: 0.021380
[2015.12.07-23.14.07:156][755]PIE: Info Play in editor start time for /Game/FirstPersonBP/Maps/UEDPIE_0_FirstPersonExampleMap 0.512
[2015.12.07-23.14.07:156][755]LogBlueprintUserMessages: Late PlayInEditor Detection: Level '/Game/FirstPersonBP/Maps/FirstPersonExampleMap.FirstPersonExampleMap:PersistentLevel' has LevelScriptBlueprint '/Game/FirstPersonBP/Maps/FirstPersonExampleMap.FirstPersonExampleMap:PersistentLevel.FirstPersonExampleMap' with GeneratedClass '/Game/FirstPersonBP/Maps/FirstPersonExampleMap.FirstPersonExampleMap_C' with ClassGeneratedBy '/Game/FirstPersonBP/Maps/FirstPersonExampleMap.FirstPersonExampleMap:PersistentLevel.FirstPersonExampleMap'
[2015.12.07-23.14.19:542][459]LogBlueprintUserMessages: Early EndPlayMap Detection: Level '/Game/FirstPersonBP/Maps/FirstPersonExampleMap.FirstPersonExampleMap:PersistentLevel' has LevelScriptBlueprint '/Game/FirstPersonBP/Maps/FirstPersonExampleMap.FirstPersonExampleMap:PersistentLevel.FirstPersonExampleMap' with GeneratedClass '/Game/FirstPersonBP/Maps/FirstPersonExampleMap.FirstPersonExampleMap_C' with ClassGeneratedBy '/Game/FirstPersonBP/Maps/FirstPersonExampleMap.FirstPersonExam